o cara tossiu
o cara tossiu
o canalha do alto que util
o livro esta sobre a mesa
o livro esta sobre a mesa
este livro esta sobre a mesa
o bart o
o livro esta sobre a mesa
telma eu nao sou gay
trezentos e setenta e quatro mil oitocentos e trinta e cinco
zzzzzzzzzzzzzzzzzzzzzzzzzzzzzzzzzzzzzzzzzzzzzzzzzzzzzzzzzzzzzzzzzzzzzzzzzzzzzzzz
z
aa aaa aaaa aaaaa aaaaaa aaaaaaa aaaaaaaa aaaaaaaaa aaaaaaaaaa aaaaaaaaaaa
aaaaaaaaaaa aaaaaaaaaa aaaaaaaaa aaaaaaaa aaaaaaa aaaaaa aaaaa aaaa aaa aa
aa aa aaa aaaa aaaaa aaaaaa aaaaaaa aaaaaaaa aaaaaaaaa aaaaaaaaaa
aaaaaaaaaa aaaaaaaaa aaaaaaaa aaaaaaa aaaaaa aaaaa aaaa aaa aa aa
aa aa aaa aaaa aaaaa aaaaaa aaaaaaa aaaaaaaa aaaaaaaaa aaaaaaaaaa
aaaaaaaaaa aaaaaaaaa aaaaaaaa aaaaaaa aaaaaa aaaaa aaaa aaa aa aa
aa aaa aaaa aaaaa aaaaaa aaaaaaa aaaaaaaa aaaaaaaaa aaaaaaaaaa aaaaaaaaaaa
aaaaaaaaaaa aaaaaaaaaa aaaaaaaaa aaaaaaaa aaaaaaa aaaaaa aaaaa aaaa aaa aa
b c d e f g h i j k l m n o p q r s t u v w x y z a
c d e f g h i j k l m n o p q r s t u v w x y z a b
d e f g h i j k l m n o p q r s t u v w x y z a b c
e f g h i j k l m n o p q r s t u v w x y z a b c d
f g h i j k l m n o p q r s t u v w x y z a b c d e
g h i j k l m n o p q r s t u v w x y z a b c d e f
h i j k l m n o p q r s t u v w x y z a b c d e f g
i j k l m n o p q r s t u v w x y z a b c d e f g h
j k l m n o p q r s t u v w x y z a b c d e f g h i
k l m n o p q r s t u v w x y z a b c d e f g h i j
l m n o p q r s t u v w x y z a b c d e f g h i j k
m n o p q r s t u v w x y z a b c d e f g h i j k l
n o p q r s t u v w x y z a b c d e f g h i j k l m
o p q r s t u v w x y z a b c d e f g h i j k l m n
p q r s t u v w x y z a b c d e f g h i j k l m n o
q r s t u v w x y z a b c d e f g h i j k l m n o p
r s t u v w x y z a b c d e f g h i j k l m n o p q
s t u v w x y z a b c d e f g h i j k l m n o p q r
t u v w x y z a b c d e f g h i j k l m n o p q r s
u v w x y z a b c d e f g h i j k l m n o p q r s t
v w x y z a b c d e f g h i j k l m n o p q r s t u
w x y z a b c d e f g h i j k l m n o p q r s t u v
x y z a b c d e f g h i j k l m n o p q r s t u v w
y z a b c d e f g h i j k l m n o p q r s t u v w x
z a b c d e f g h i j k l m n o p q r s t u v w x y
a b c d e f g h i j k l m n o p q r s t u v w x y z
