24.3333
36.8000
40.6000
44.7094
17.8000
21.6667
37.0000
40.5000
44.8000
35.0000
36.0000
50.0000
49.7500
50.0000
421.7021
810.2013
487.8137
270.1807
986.2458
698.7701
705.4077
355.6766
1089.2406
279.7248
478.2500
345.9369
94.2681
1128.2047
472.9613
1042.0940
889.2934
926.8078
334.5848
155.2810
1181.9014
1010.4277
252.2909
1091.4873
373.8787
1212.0781
763.5909
906.9391
682.1087
1060.7937
1120.4209
950.8102
611.5322
356.9217
1069.6472
307.5602
912.7499
514.9438
542.8124
759.4287
672.1094
878.9752
955.7042
675.3976
645.5619
702.7578
1107.8985
1105.2200
1269.9581
1136.6990
680.7737
702.0651
719.4873
1053.2556
137.5243
964.2629
412.8056
122.8522
561.4980
854.5488
426.9825
242.5907
342.7058
589.2468
754.2717
259.0276
959.7911
385.2972
594.9697
840.4902
695.6339
145.7480
648.6610
211.7098
858.3510
589.4963
433.0526
724.8479
624.3065
449.1573
599.2540
804.5062
535.8438
691.5771
677.8442
528.8419
924.0069
569.6541
309.1746
410.7447
701.7080
487.6507
825.0643
267.8878
974.2534
587.0818
417.8083
947.1108
829.5461
866.3845
800.2475
530.4379
913.3054
448.8150
630.0930
783.9524
889.3163
913.5576
512.3105
520.2164
367.2698
956.3550
318.4431
764.8167
659.9926
856.8461
279.1659
593.8033
428.0567
472.1497
858.8641
978.2109
814.8911
695.3381
256.9214
802.0677
261.9828
557.1724
761.7816
961.3937
425.5374
568.9052
502.8731
343.2093
869.7522
976.6467
983.1172
771.3105
903.2013
508.1914
277.1886
267.7965
474.6881
478.6001
901.9465
979.7495
333.9516
165.4480
1032.7132
760.4246
693.8637
310.9147
677.3309
139.2927
658.3365
382.5725
949.1487
1115.7068
226.8662
278.1747
173.2871
950.0506
472.9409
954.0530
747.4242
792.5532
607.8263
917.4180
508.8360
650.8826
911.4794
1024.6740
592.7435
894.9034
1059.4172
831.6664
428.2896
134.5018
389.2126
342.7210
420.4924
1347.1164
1206.5891
142.2287
407.1958
1333.4714
965.4333
763.3873
754.5405
740.4592
1106.2665
1002.2014
1260.7824
559.7050
465.8486
1390.2564
930.3460
579.5266
1331.9213
1276.9994
1259.2292
709.3958
767.1949
288.4641
1420.7840
239.1741
750.3393
73.5597
941.5151
842.8394
327.3102
555.3488
430.9501
993.4140
675.9815
444.8252
1003.1327
804.6279
654.7045
1003.3262
1082.3502
538.5339
791.5203
417.1554
516.8022
693.7271
289.8107
80.2730
501.2192
957.7386
280.8577
461.1694
548.8106
167.0092
857.1339
417.9684
97.4755
851.2863
553.9764
236.8185
501.6535
882.2539
543.8310
954.0772
841.7982
832.0338
780.7410
101.5775
605.2637
628.4006
309.2161
722.6819
609.2204
635.3477
625.6448
167.9501
634.0817
198.6845
727.0520
679.1599
356.6476
129.7335
524.9148
746.4911
203.7908
313.7438
977.8994
208.7061
1001.3625
500.2890
345.5489
477.0678
319.7841
733.7943
391.1499
996.6100
524.7789
1042.9758
821.3613
482.5000
1162.3466
954.9350
891.8435
1002.5262
789.1126
1086.4653
817.9777
390.5261
96.2143
1051.5524
397.3357
612.4727
296.7321
210.1892
174.2908
579.3007
1102.5528
1024.3828
720.2814
1107.9493
1231.8320
787.3042
843.1881
145.2545
750.7947
851.5548
533.3997
506.3987
536.5736
1165.5376
843.9316
347.5959
793.2965
349.7178
1184.8835
156.1916
1266.6984
669.5770
446.4207
1272.2330
349.4791
709.9390
564.2481
527.0281
801.7588
631.6772
946.8078
553.8158
269.7994
273.2954
292.9810
151.3565
924.4831
992.2141
207.9157
280.8833
476.6816
628.2300
663.4472
865.4352
447.6578
1291.3154
1055.4467
1070.5025
322.8402
920.0296
1115.6589
260.6897
174.9630
179.9274
204.6144
420.9586
778.3405
655.3281
806.4972
153.0544
1103.2160
373.4109
604.9732
1224.8190
528.9109
767.8496
1265.2366
1255.8720
384.6011
135.9549
201.0873
726.7374
664.8792
748.9138
171.7138
954.4874
726.0448
773.3934
676.4090
885.2026
1120.1752
795.6210
402.6024
289.8210
1123.0349
508.1570
628.3070
1175.7507
765.9941
821.6744
309.0077
170.4618
1236.6299
964.5323
1154.4197
764.3208
662.9512
311.4813
818.2639
1205.9766
157.6691
1209.9641
507.8034
783.7773
555.6979
610.7728
858.4861
994.8494
1185.9282
190.4455
595.2967
1054.2166
869.7504
854.2471
1190.7254
724.9440
1174.1265
557.2678
636.3357
676.6233
1183.4643
812.2531
739.6188
1171.5771
478.1147
625.6556
671.7925
978.7495
804.1536
128.6091
932.1925
854.2868
1235.3577
1243.8105
314.4161
539.0899
604.9816
1024.6230
208.0570
526.9367
1094.7199
688.9178
275.5776
691.1158
200.1912
189.1446
1210.7586
1245.4749
635.8581
589.9567
672.9129
555.9266
1201.9237
1208.1740
456.2705
416.7075
576.0628
968.3638
1216.9587
1183.7559
125.8570
395.3471
807.3391
547.4425
171.8170
323.5756
902.6313
116.6862
1060.7082
366.3259
182.4347
1151.5250
194.7709
1223.7760
1147.8511
1217.8727
1291.8036
1227.1680
401.4749
809.8330
437.5026
257.3961
1089.9905
617.0808
647.3987
601.1464
310.7731
435.1691
320.4466
496.2116
246.4534
274.2039
314.8128
123.5925
488.4219
461.3835
309.5724
319.9509
269.1124
475.4529
335.7694
118.1004
75.8311
89.3104
219.9686
356.8730
398.9912
316.1276
103.8979
80.1071
488.8877
199.3648
402.0601
503.3549
420.9685
453.3120
85.0398
168.3963
340.1214
334.2405
100.0575
460.5266
475.2557
335.2651
483.8194
439.5579
247.4928
253.7270
199.4650
399.8316
181.6224
420.6825
428.0501
192.1637
435.4881
507.4868
434.4365
279.6584
294.1232
452.6640
188.3433
302.7560
1204.7122
741.1191
761.0578
319.2228
883.2852
1211.5593
771.3797
510.0124
455.9231
862.9091
232.1892
216.7169
1205.0176
437.8159
1045.6309
824.0243
955.9994
376.2367
801.2895
470.2405
927.1276
609.4716
199.8705
295.8932
340.9197
881.1175
871.1266
846.2544
235.4436
952.7914
1026.1295
58.4424
31.4505
55.5619
45.2228
39.0446
58.4424
41.8222
328.1373
353.8621
201.0932
265.0975
355.7385
400.1076
400.6518
127.9867
144.0953
382.2101
286.4458
359.1660
274.7810
270.0045
427.8712
283.2677
247.4189
414.1443
89.4913
280.6095
210.4915
387.5818
251.9278
88.3716
296.0967
398.2990
262.2323
250.8087
220.8369
301.8599
224.0353
407.6564
210.6709
292.7646
229.9709
426.0133
251.9330
170.9806
96.9080
290.8970
431.1985
303.7477
201.6738
266.5479
428.2551
179.2653
404.5419
235.1206
122.2580
418.6974
373.4618
241.5465
366.9229
153.9113
256.8229
218.8173
48.3405
375.1347
330.4811
221.4537
234.2441
412.8646
169.5063
307.9701
266.0250
281.9044
294.5030
374.1849
331.3542
311.8049
221.1564
323.1211
127.5844
290.4425
60.7791
101.7316
344.0993
409.2090
256.4111
372.1235
388.5516
163.3322
128.9708
315.9355
229.5028
288.7990
393.7460
230.1196
219.9057
284.4428
314.0367
316.3837
1052.9922
899.6449
1371.9813
543.8865
889.3315
492.6494
574.3444
1065.0335
522.4359
187.8668
443.4141
691.4700
526.3607
873.0338
1282.9189
1195.5630
417.8825
1185.9128
1050.7624
1386.2131
121.5088
1246.7483
223.2430
522.2828
1060.7387
228.3414
434.3923
311.9642
416.2258
1140.7163
301.5881
1288.4107
609.9145
542.8305
944.5988
625.4743
671.1745
900.1627
1047.3486
512.6588
841.9158
297.9322
1089.5589
111.0802
674.6858
549.9502
465.3275
288.5295
748.1415
531.1302
449.0020
323.1812
312.2819
813.3857
370.6094
749.1731
902.9394
671.1041
1115.0743
268.8387
118.2728
867.3039
990.4600
640.3458
252.9078
798.6434
1133.5751
816.7141
555.1350
1046.2153
373.3958
612.4747
835.4401
850.6199
318.1822
665.5548
527.5759
554.8193
820.7308
836.2580
296.0558
291.2839
957.5730
829.1341
682.4332
1069.0785
347.7337
498.3211
643.4003
977.7728
857.0355
1010.2365
931.8505
511.1343
1035.9918
930.5713
99.8304
513.8012
764.0221
757.5092
197.8866
956.5667
226.8293
900.4521
724.6052
423.1160
471.1817
1050.8918
799.6201
121.1229
809.3328
932.2352
312.5377
682.6051
676.1689
832.1317
674.1136
853.0783
177.6868
149.3832
749.8836
908.6774
1043.2619
593.4917
305.4104
1002.1239
428.8458
308.6140
427.7923
1001.4910
901.0201
500.6490
880.2440
983.4962
281.5449
511.2558
302.6400
603.6119
481.5102
937.0612
620.4111
117.9700
789.0833
772.7966
697.1447
351.6830
509.2518
227.7459
1025.6950
565.5265
276.9622
694.7859
369.9295
226.4530
106.0497
530.7640
107.3958
436.0548
681.7647
435.9718
342.1307
488.8833
760.8086
1044.7017
377.7827
883.9225
474.4457
414.1660
1110.2602
433.2500
1207.5453
309.0618
372.0711
187.1314
220.6044
1318.4778
518.9126
699.5682
954.5253
148.4180
1122.5971
1316.6617
1302.1220
962.0293
323.8791
467.1693
338.0257
283.2539
125.6192
817.2220
333.6178
585.5967
978.5282
287.8340
462.3324
1004.7014
803.7246
873.0181
315.2534
895.7162
1299.9669
437.1512
1229.4115
105.8329
1357.8454
1167.1530
383.3710
1019.0152
287.3337
494.3016
971.3838
1177.9110
129.4719
1204.5351
1291.4335
893.6546
1237.0171
672.6665
1084.8141
1400.5434
1376.5520
1164.9701
662.0197
1309.3067
1321.9389
598.8816
1247.7428
1328.1677
227.4888
982.5430
997.4730
1115.5909
1344.7242
1299.0177
1288.3794
1181.2794
1180.4582
1071.8515
841.7417
140.1355
1071.3148
926.7860
661.4795
293.0253
636.7344
465.2616
1049.4025
368.5575
989.3527
631.1222
306.4783
909.1057
269.2402
841.8755
746.1630
1440.2827
1252.4462
496.9794
1322.9630
1342.9807
1293.7226
855.0338
1000.2361
1188.4403
675.2251
817.5175
898.2593
336.8497
356.0808
172.9090
376.7445
1265.5364
985.1913
786.5202
622.5223
543.6175
651.6443
335.9672
621.9642
783.8116
812.2909
363.7805
661.4901
607.3525
442.0279
289.8951
675.6181
140.2560
513.1498
255.2013
421.8554
496.5401
320.7393
824.6414
961.4000
330.1354
860.4395
537.4427
601.8787
285.1407
941.2452
906.6203
594.7121
762.6772
618.7341
954.3133
1010.7708
619.7312
405.5784
339.0726
603.6907
501.4340
323.5866
343.7846
238.5926
1338.0219
1364.1469
862.9415
998.5117
934.0453
906.1667
530.3449
168.3302
857.3419
523.9175
503.9795
1149.8595
670.0167
1132.8642
936.1007
1294.1529
1070.5449
858.4495
472.6050
210.8012
1057.0639
1346.5605
987.5843
570.6076
957.4544
258.2883
1015.7669
995.6550
1056.0078
521.5565
1352.9459
1022.5304
514.3912
844.4721
593.5242
238.1468
371.2650
1029.2448
887.9745
1133.6501
865.6980
255.0021
1069.6727
557.6219
401.5504
480.2272
686.7997
626.2641
688.2737
884.4071
829.2189
193.4518
736.4792
1007.4792
363.9245
840.8882
616.5154
1167.4541
1046.3738
1017.4827
337.6657
1077.0879
102.9342
1122.8717
1147.6583
621.6399
137.0583
315.0447
428.1903
923.3861
233.4753
735.9024
1083.5364
1161.8760
451.5353
950.7243
1106.9276
1320.3094
354.5976
814.4313
953.8712
765.4893
169.4622
1047.7744
740.3067
719.7635
442.4093
482.5588
424.5600
1322.7369
128.4915
644.7118
966.6336
303.1209
1038.8639
841.8207
1095.1576
973.5606
571.1581
966.1266
1183.0087
111.2720
287.0001
934.1856
1178.8470
614.9613
515.2386
953.6905
607.1518
730.1681
372.1281
103.9601
1270.2742
449.6154
1060.0308
675.0233
987.8433
1305.4758
975.7152
1223.6152
1301.5688
1004.8714
519.9844
939.9665
1154.6183
118.8384
389.2041
916.7203
996.1257
807.8838
512.8454
844.2387
826.1800
674.1247
384.4528
659.9750
1087.8107
753.3403
438.4422
1106.9302
1183.6375
1212.9043
397.2871
1223.3490
1351.3472
1341.1230
840.3000
659.2528
953.5750
1218.2528
291.4214
1362.1264
1160.3353
304.5745
1304.3964
568.7865
1167.0674
151.1518
1297.4182
1258.8296
517.7209
679.8834
1312.7954
866.3136
575.1725
764.5025
816.9695
682.6006
1195.2541
1117.1272
318.1831
956.0477
905.8786
614.0233
748.8991
845.1737
535.9016
1394.4640
1325.3968
1321.0451
1208.4632
186.8505
1278.6206
945.9515
400.5265
1177.5919
1340.8868
90.0893
1226.0953
1233.3429
1261.6675
292.2859
469.3695
1168.5069
1039.4040
923.3397
477.4711
384.0735
97.9914
209.2434
1347.7050
329.4374
1057.9574
840.9797
833.8017
330.8963
185.1942
1214.4788
318.3221
1398.3247
1127.2796
1383.4310
179.1602
989.0805
922.7629
486.7533
730.4326
850.4417
490.2581
511.6779
647.1527
309.2677
701.7596
988.5369
1337.7286
258.2883
761.3100
656.2344
711.4608
704.9731
754.0142
903.6372
344.0420
93.4601
992.8886
287.7056
850.8934
1032.7820
215.4439
831.1284
416.0254
448.4943
1041.8044
232.4726
475.1927
105.0006
336.9278
556.9060
184.4780
691.1989
245.0997
715.9285
964.6361
356.9482
864.4204
143.2243
871.3534
557.6311
700.8483
513.3078
89.4250
363.0485
335.3527
355.6185
377.6099
256.8992
511.4548
1041.9373
235.9754
605.7607
827.9661
530.0794
874.9859
824.6647
634.7756
243.9939
843.1525
811.0652
360.4865
581.2334
304.7242
860.2929
1099.8475
426.8706
315.6666
1143.7955
281.7883
1026.0508
872.6275
275.3692
361.7708
170.9886
138.3397
567.6570
740.8949
305.7951
1057.2609
149.9621
182.1970
197.8825
739.6990
955.9685
572.9858
503.3044
87.7558
1024.7838
431.1517
148.3999
317.8551
379.2504
681.3125
507.4590
429.0001
755.7257
557.3010
430.5654
632.3919
605.6206
634.0804
646.2756
204.2187
205.1756
580.8738
759.3778
616.7434
432.1672
578.2932
376.9491
512.0443
422.5530
240.8824
515.0496
432.9016
339.5760
321.7468
611.7875
496.1441
140.5367
276.7554
485.3124
401.7516
101.9608
101.8970
637.2302
759.4577
561.8421
257.7835
628.8102
368.4776
709.7768
494.2898
427.1757
753.8829
256.8361
422.8222
606.6558
523.1984
134.0635
105.6597
194.4827
440.7478
249.9852
561.9335
673.2661
432.4363
689.3642
506.0052
716.2124
705.5680
606.8786
425.3047
321.3454
611.1248
430.0901
755.8984
607.3801
106.9193
245.1195
449.2287
375.8861
129.8703
727.7177
615.1862
102.4471
815.1636
808.0518
637.5903
849.4516
755.8238
690.7251
587.9517
828.8010
385.2278
828.5989
900.4943
487.2261
682.7559
786.7239
343.3542
925.9978
486.1518
207.8957
114.6854
243.1427
881.0967
442.0584
396.2198
207.0310
879.6923
134.6998
203.0534
474.3981
857.9231
515.2299
599.3582
727.2993
328.9963
196.6277
625.7995
905.6730
755.2951
161.5397
793.9799
94.2846
867.6420
753.0691
494.3133
599.8524
582.2171
684.6946
585.9385
863.2896
757.2529
604.2795
108.8744
692.9741
850.0405
414.3689
764.8113
787.8191
450.4240
831.3727
257.7307
940.0291
1066.9417
1082.1121
381.1800
377.2227
613.5677
512.7767
1002.8235
251.6111
339.1092
587.4392
683.1500
1110.9698
359.6523
887.0158
1113.5035
604.8387
999.4105
627.8505
1086.4713
988.3375
1063.4442
590.4445
1072.7447
757.4390
208.6595
325.1904
624.4524
848.3827
233.3780
451.0731
627.4735
122.8246
379.6199
828.2430
406.3571
814.4534
1089.9688
196.3546
913.2054
276.7122
661.1894
391.4451
251.7558
843.3956
1067.2525
231.3658
176.3297
935.3882
724.7077
954.6882
1116.2251
248.9838
369.7056
863.4186
250.1595
323.0399
82.6917
723.0175
1097.9301
964.2545
753.1923
295.4380
678.5979
514.2745
592.9515
321.4481
305.0008
983.0391
219.8986
1111.9005
493.2110
902.2332
160.6102
532.4117
1082.2643
771.4623
440.4151
357.0046
208.9831
537.6145
1139.4753
121.1369
688.3512
322.1313
894.9980
826.6522
548.5183
899.9417
261.3903
444.5666
647.1048
892.8487
640.7643
1114.9474
112.8919
1047.3814
234.7915
338.9909
843.2188
371.1449
248.3755
1136.3207
1102.3441
327.7688
482.7235
1012.1680
958.1989
803.2099
111.5889
1044.9369
1133.9349
1160.9165
1073.0071
637.9742
306.5662
778.9284
162.9266
747.9082
421.7301
342.5193
1022.8239
923.5577
1074.6639
432.3016
858.9667
1097.4253
247.8928
971.3545
225.9719
966.0197
1163.7668
389.9876
927.0025
114.4354
519.5817
299.6246
635.0222
1091.7322
709.8690
1100.4495
716.2214
880.2176
683.2886
1269.3198
840.3188
527.2716
801.0320
514.2715
193.7172
330.2681
364.6483
1019.2553
511.8141
936.4835
998.9332
300.8946
1278.3937
1166.1205
383.4634
470.9011
368.6463
393.6458
343.1242
113.3062
392.5254
72.4703
461.6539
519.7407
316.4267
477.4169
229.0794
105.6854
214.9515
415.7618
64.0290
233.0527
156.7573
432.8477
440.5597
516.7704
466.7322
194.3402
218.5730
470.0371
450.0773
286.4412
110.1212
407.3654
375.1778
409.4224
350.1531
187.1702
262.6356
86.7601
226.0780
506.8876
107.0978
108.8539
503.9783
343.0865
501.1985
98.9094
547.2759
800.1497
301.2714
786.9321
618.4484
565.7819
689.2540
365.8270
771.3089
261.9852
603.3250
503.2422
712.7613
735.2658
856.2813
434.5525
669.3561
861.0293
794.7047
153.3639
212.9807
809.9098
836.9461
294.0797
707.0963
204.3550
560.3647
880.2629
756.7101
857.0572
890.9736
363.1234
746.6695
279.5859
195.4967
426.9347
711.7830
764.7515
653.1409
550.5763
875.3624
308.7653
881.9214
675.1447
883.5865
831.3879
122.7613
641.4416
784.3991
818.7487
688.2430
861.0739
712.3192
604.1107
228.4107
483.3129
687.9524
664.0379
450.0678
509.3781
603.9825
430.6059
729.7809
411.8449
580.4073
799.8274
696.7609
350.1304
637.9100
410.5170
757.4305
599.9049
586.3212
727.7547
330.3214
558.3906
716.6499
474.9376
488.7357
763.8048
1231.0566
321.0036
237.3866
762.6202
950.2475
1029.3712
564.7797
562.5702
658.3086
507.9231
620.4557
489.5454
1151.1030
896.0903
322.8601
217.9238
999.0669
147.9799
1232.7091
777.6327
291.8154
686.1918
1205.5951
796.2341
252.3728
1002.0117
258.9072
842.2361
129.1429
628.4385
270.5694
1256.5026
813.0646
406.8867
756.4041
458.9558
1260.4397
1137.5991
867.1856
656.4791
347.8120
124.8988
981.5922
194.2792
921.2608
1152.1949
315.9358
632.1646
1191.5977
275.4150
1214.8679
192.4649
831.2460
1157.3705
873.2809
954.9239
888.0870
1000.5004
497.7221
916.4921
307.1550
646.5447
910.3799
980.1420
901.6787
345.8121
1254.5807
899.9412
173.6142
858.8865
212.0753
421.4098
884.1723
524.2999
542.7157
143.3983
110.5681
902.7916
887.0208
530.9633
1005.0459
296.1140
250.5706
475.0744
992.5591
1073.0442
1028.5726
514.6847
832.9378
1122.8300
191.9355
147.7537
409.8530
416.5666
1106.7577
1248.6727
1127.8156
1184.7914
738.2559
930.5896
961.2359
282.4327
910.0411
494.1433
675.7581
87.6252
541.7310
696.1922
906.6823
1249.6761
1052.8589
636.1570
271.1705
1175.1276
944.9578
1130.8092
977.3764
699.0655
345.0724
532.8149
547.0617
441.2595
580.7917
802.4274
713.3851
389.8172
394.4425
126.3027
301.7513
717.3485
1041.4004
369.7052
755.1749
685.2371
1141.4376
1109.5571
1083.4952
1233.2853
697.8382
603.7507
437.1655
1001.3715
675.3002
565.5135
1110.4922
134.3369
568.3190
1357.3723
1236.4169
147.0052
378.6809
525.7217
694.3794
693.6461
1034.6364
779.4544
744.7880
147.4247
668.3617
1131.9445
455.7273
634.0982
106.1211
864.2127
908.6481
1111.0369
890.8288
172.1526
943.8092
94.5991
677.4862
1225.0776
1008.8505
1186.0432
364.0667
702.1272
1221.8088
807.1849
670.5270
1065.0390
857.4310
917.5378
112.1180
1358.6759
122.7791
1055.7286
750.4623
573.2074
960.8819
146.3036
216.9891
935.2828
352.8160
1139.5919
816.0828
1095.0250
1171.5939
541.3585
246.5465
1002.9724
118.1141
454.3421
607.1580
521.4127
1025.5695
352.8790
331.4654
858.5519
677.1912
928.7814
852.9609
569.0690
746.6493
1275.7164
617.2887
743.5125
1220.9173
1274.1506
655.4876
480.3411
1189.7526
720.2644
662.9320
1249.4952
1275.7258
110.6189
399.7690
194.2059
829.2116
716.9128
921.9834
271.9141
508.0585
850.9502
403.7416
239.5144
569.6233
936.2774
191.9109
625.9576
784.9539
492.8354
295.7168
1253.5480
456.0175
777.3790
678.4352
325.4364
743.2588
1111.0284
671.7920
587.7070
446.6986
1111.6050
514.4397
407.3005
1119.4671
765.9344
494.0129
580.1201
1218.1933
1181.5381
722.2007
377.8534
690.2329
956.1712
507.5085
1055.8129
488.8516
584.9047
248.8136
1072.3594
907.5505
439.6900
1018.2153
1144.2644
1029.1741
257.3080
1276.8247
349.8559
1203.5142
639.5657
836.9929
363.7034
690.8836
489.2767
417.8261
152.4312
568.7887
1024.5410
1056.0166
887.3476
614.1378
836.7339
792.7371
634.3235
820.3077
242.5964
110.3619
581.6392
838.8016
756.1437
904.8411
1047.1160
901.3621
828.5610
824.8631
723.2340
964.7762
138.3088
928.2903
177.7784
927.5006
679.9182
457.0068
512.8273
977.4737
744.1233
578.4624
452.6790
698.9950
572.9265
187.1242
110.3687
254.5852
869.6486
664.4365
939.5448
1121.5139
888.8527
494.3719
447.9945
234.2321
1168.0901
583.9153
744.4347
461.0917
468.0415
278.6812
910.9623
401.1616
570.6417
1257.7806
645.1917
1051.4822
1193.2201
280.1291
590.0836
666.6107
794.6027
1154.7516
1085.4270
141.8499
853.5936
969.6347
470.8345
483.5934
600.9557
983.8732
255.0046
1256.1055
1255.0793
567.6444
194.8660
1142.7525
958.5537
812.0692
260.1052
1212.0440
935.0225
1020.2812
298.2510
1272.3627
995.1701
791.0568
1043.3274
897.1381
915.3069
272.3302
159.9359
360.0980
1259.6067
1124.1968
396.5849
830.2573
794.1217
701.0180
1109.0749
1172.6585
332.4582
1204.8555
867.2571
1060.3188
98.2147
306.4519
126.1938
839.2668
1030.1193
816.7739
569.0578
419.1033
973.3156
537.3919
415.6501
785.3260
730.7421
782.1227
154.5142
430.3451
100.7286
339.6912
126.5817
946.4468
440.3203
367.7967
841.6125
335.3639
729.9760
999.0551
922.0540
433.1745
689.2363
690.3905
395.0443
696.1117
829.9992
426.4760
379.7317
771.2952
1024.2821
774.5524
976.5747
910.8375
1067.3491
244.9773
581.0335
709.2554
873.4582
625.1379
928.3225
880.7298
726.6171
270.8374
161.7290
271.8196
404.8160
448.0172
777.4886
570.7072
476.1760
816.5102
272.0573
808.9645
621.6837
643.1184
632.3076
690.3484
660.8364
1136.1914
955.5484
521.9983
323.2218
168.6927
909.8178
475.9180
1108.3769
983.9924
703.8757
896.4602
790.7975
650.4232
1149.5548
1125.1032
687.5876
751.9727
901.2979
955.1462
818.0123
960.8426
670.2974
395.5813
235.6556
686.6148
206.5988
548.8978
138.3114
276.2601
532.1742
612.7483
175.6761
834.1057
522.4198
534.4024
923.4120
1209.8700
644.5232
462.3913
241.0831
667.8902
783.5627
426.9506
211.5330
273.2076
516.0622
770.7192
1039.9203
1019.9391
696.5793
275.3087
242.2561
699.6281
1006.0825
395.7439
861.1821
795.1409
591.0653
562.3822
1084.4863
114.8875
245.4424
468.6793
672.6186
744.2365
311.2047
884.0552
645.7935
1028.0034
1371.5018
177.2474
801.6699
1247.1376
427.0526
760.8946
737.6657
956.2957
164.9049
1168.6224
991.0788
404.3765
551.8460
189.4387
994.5690
407.4909
978.4574
902.6811
1054.0449
1173.1740
701.1461
526.7268
1307.4245
1271.6984
1392.9663
793.3007
811.8107
785.2709
1241.4443
1284.6531
359.7463
1217.1791
1350.4132
1028.1808
1063.5237
372.4009
332.2299
350.0730
1184.1090
402.5604
1368.0477
757.3668
690.7170
519.2564
842.2492
211.8882
805.3827
365.2166
1004.2148
411.3274
1384.6203
235.2405
816.0055
1296.8084
1381.3631
813.5619
678.8769
796.1651
103.3131
496.8590
667.8186
372.7291
276.7240
615.0416
1252.1840
1210.4688
863.0527
143.6599
107.0835
622.0710
451.9826
1381.4585
1215.1808
1006.9865
502.7686
635.6368
1103.9363
1155.9852
876.0148
681.2767
103.2728
864.2560
807.9010
828.0536
752.5836
792.2554
154.0850
1260.3669
90.4074
168.4256
332.3165
669.5513
444.6533
66.0369
17.0265
60.7310
74.9952
74.9952
35.4544
64.1518
39.7050
36.7454
13.4745
72.9952
72.7945
64.9780
41.1422
74.2664
59.1128
41.3211
74.9952
66.4601
69.7699
17.6956
74.9952
61.8806
33.6862
74.9952
73.1693
53.3979
21.2218
62.6910
72.7953
38.2874
74.9952
74.9952
69.0240
1086.6008
1100.2936
126.9571
729.4779
746.3044
971.5970
981.3358
955.7811
815.9527
935.6667
354.0600
186.5176
1008.6561
808.0360
411.3459
778.9021
151.4124
433.7597
642.3967
379.6797
479.0104
316.5780
754.1462
681.3565
675.3745
683.0132
707.6102
634.8953
688.2346
483.3255
467.3483
730.3805
725.7970
797.6736
745.3293
623.6455
96.7988
606.7106
716.4210
377.6397
714.0770
92.9911
98.4762
247.6927
375.1543
685.7216
169.5902
435.9577
213.3088
696.5384
632.7055
564.1253
91.8221
559.7161
393.1042
686.2500
389.3138
201.6604
487.2300
162.3987
561.0978
740.4815
778.8782
451.6049
715.0017
700.5506
129.1931
727.7815
473.1691
746.8500
218.0370
314.8759
757.9187
241.4661
459.3786
267.0238
779.2969
517.9354
560.3989
133.9295
353.1377
314.2531
356.2260
401.0522
327.3921
396.3742
317.3744
404.7640
417.4665
320.0391
149.4235
398.9679
334.9403
153.3221
226.0741
318.9026
234.0298
376.1008
265.6042
322.7137
366.4957
267.0247
376.1749
208.3864
403.4889
119.5227
401.6552
361.7185
412.2971
404.3909
250.8179
383.2740
417.5475
417.6235
362.3275
326.1296
395.4416
233.8829
306.7002
394.3511
377.6599
331.5986
373.5831
275.4977
355.7256
415.8628
403.3932
406.6214
372.7295
241.5933
305.3203
309.1771
341.2161
239.2555
354.5965
322.3567
257.6173
333.4418
239.4149
247.7066
315.3576
326.6818
154.0491
313.7605
325.5143
385.2517
135.1015
291.1591
125.0655
327.3600
252.8338
390.7469
189.0599
132.3108
231.4639
389.9573
119.1116
188.6409
347.0675
178.9254
765.9444
574.4545
383.7467
890.2231
820.5893
977.6104
587.1171
648.1546
842.7445
1122.3671
901.6829
198.3847
95.2629
1002.9922
180.9828
714.0435
1178.0924
169.3747
545.1394
269.5278
614.6656
960.8948
1120.8855
1083.2532
749.5475
143.3113
646.8634
402.8178
1011.6418
876.1190
486.5491
565.6017
212.8415
751.2959
219.5779
928.7580
514.9734
703.9401
355.8827
97.8348
621.0635
1128.5539
219.6054
636.8758
930.1933
313.9903
87.2694
908.8258
395.7868
554.6413
1062.1466
888.2148
289.8900
982.0481
765.4325
925.3868
1033.1531
165.1509
1190.9073
840.2714
944.6793
478.4502
158.4215
1050.3407
1096.1671
293.4304
772.6676
402.6828
884.4042
1004.8807
1065.2852
543.5128
598.7961
555.6733
902.3745
387.5573
271.8481
1218.1506
876.7310
1097.5840
893.2161
904.0661
1144.2348
258.1867
347.2448
279.9172
715.2201
671.5501
764.7957
744.3079
303.2563
727.6787
963.4503
532.6436
654.2943
530.6646
876.8379
650.6308
752.3626
808.4204
434.3365
195.7469
879.4451
816.2862
566.4138
261.8351
251.3551
839.7260
569.2062
542.4336
622.5392
859.6732
157.8247
455.1481
114.1873
403.5931
624.1808
731.7964
936.4255
388.2969
483.0972
257.1935
90.0085
468.5483
630.6644
635.5698
551.3837
223.2729
628.1227
641.2216
219.1044
565.1912
584.3125
277.3594
731.8132
331.2968
351.7655
367.9444
550.9343
593.7600
472.9425
547.5178
649.0645
591.8919
673.0701
257.5830
481.8766
341.2293
677.5273
705.3365
393.4551
592.0815
391.9042
533.0313
710.1527
247.3658
412.0069
516.1889
349.0473
267.4167
401.1763
436.1115
678.0820
196.0313
565.9036
669.1704
402.4558
740.6488
271.5795
139.5898
593.6714
596.6463
578.7663
489.8414
430.9614
501.5078
601.7369
732.6889
676.6027
530.2143
697.3005
310.6598
360.7996
336.7917
681.2067
319.7436
447.9933
337.9368
673.3583
635.0072
465.8749
315.0535
304.7695
392.0168
387.9937
705.7281
298.8994
627.2971
705.6520
435.5521
656.1667
554.2394
255.1237
482.4256
267.4769
542.7778
191.0660
710.6286
533.5081
729.6893
495.4974
483.4169
295.5413
685.9930
657.3033
210.7672
244.4590
1187.3091
233.7186
604.1682
219.8640
612.2048
1039.5182
143.2657
1128.3277
200.7820
927.7764
1212.9385
176.7708
549.4903
397.0620
398.2547
219.7217
1038.8106
584.5955
700.0825
669.5977
846.3073
585.8658
584.1109
484.6939
1170.9664
497.4637
1233.2231
943.2461
680.0423
957.8646
1115.0167
787.4465
784.4905
507.2043
226.5932
606.8102
1062.3590
457.7851
356.0553
714.0631
931.6583
1110.0925
996.6027
136.7205
952.0205
100.5877
950.8663
844.4531
778.7471
109.6033
214.8255
133.4571
1117.5633
917.5180
220.0613
981.8848
1199.4346
995.8555
461.2845
1096.1253
365.0054
413.1746
635.8318
995.3218
784.8629
742.9893
325.0715
593.9924
1034.3775
561.3076
1124.2133
723.1465
416.6931
887.3684
758.2409
1199.5819
895.0245
435.0776
810.9577
390.9577
451.4633
901.3108
427.0060
312.1781
556.4690
534.7757
1143.8034
518.8429
247.1523
354.3364
355.3962
498.3376
643.6751
851.2551
203.7820
1230.1412
299.6751
421.0801
593.3029
1185.4512
840.7394
466.8017
671.2772
1091.6090
1177.5756
1230.2374
1059.4184
838.5421
434.4837
618.9200
1068.2563
752.9166
218.2291
217.3371
130.1384
706.0870
417.3296
374.3943
390.5793
279.9309
170.6329
281.7988
587.1020
1064.3771
557.6849
1060.4982
961.7662
517.4672
988.2210
872.1483
823.2763
500.6308
225.4859
481.5702
276.8049
441.8089
79.8412
1084.1424
383.9350
885.7258
848.2305
1082.4685
847.8885
344.5875
293.6292
90.7928
1015.3786
543.1180
789.7404
1114.0319
710.4414
856.1685
251.4365
1082.1585
765.6422
698.9823
1007.7458
528.2737
1024.3658
852.8420
132.2499
675.5841
1129.1916
272.4972
982.3090
269.8224
608.1551
982.5987
189.1497
861.2050
689.1292
919.6668
795.1247
434.9353
837.6645
839.9034
366.3065
590.4708
476.0077
442.3800
264.8505
1152.7382
1189.5745
852.4403
691.6694
1032.7335
765.5606
672.6103
671.6840
464.4066
1003.8140
347.3621
1078.6291
1096.1281
410.5292
109.0359
990.4533
765.7912
196.2186
1241.3124
1189.4840
223.3551
399.7570
151.5622
296.4021
1044.3378
103.3369
263.3253
479.4628
552.0174
886.5227
940.6434
314.5659
510.9500
187.5150
254.9719
828.9454
560.6023
926.9363
999.6616
711.4252
553.5688
840.8442
696.6988
161.0981
250.1477
669.0889
494.2191
363.2044
680.8960
176.2590
745.4881
871.6628
111.5224
416.9053
1040.0232
1067.2044
437.0675
1165.8894
338.3568
856.4695
876.6653
1132.8958
1040.1521
132.4104
123.7760
1160.2046
869.5853
596.3949
910.1629
668.2120
1140.3235
225.9122
274.8646
654.3912
301.6473
429.5112
1152.4481
680.5522
673.7165
653.7972
757.6389
165.8046
294.8674
782.4694
490.0378
101.9271
652.9203
797.7264
89.2652
865.9715
438.2808
883.5759
815.6418
259.5372
924.1098
849.8596
239.2279
587.1501
200.8927
1031.1621
1098.2777
148.8795
1132.9911
161.0841
709.4865
242.4104
498.0910
682.4683
811.3882
1025.5279
1162.6268
343.2726
628.6331
775.0189
442.7022
325.7949
819.8304
873.8191
568.2127
716.6381
679.2379
444.2467
521.8048
822.8405
677.4549
413.8859
530.5337
172.9306
321.4642
894.0730
237.4461
231.9831
210.9051
195.6496
374.8645
677.0616
391.2583
608.7510
314.5410
357.0845
781.2397
752.8640
228.9130
186.6947
388.0316
293.5806
650.2439
827.4217
496.8148
308.8073
346.9463
543.5783
86.9777
675.3130
388.3418
337.6413
379.4026
371.1531
766.0490
416.4512
793.7772
303.7643
563.9886
363.1258
547.0505
637.4830
555.5290
770.1730
342.2290
718.4481
201.3425
200.9631
587.2279
342.5531
309.2230
804.8931
505.2058
803.7741
756.9283
823.6036
196.2386
166.0420
487.1340
218.3258
735.7674
711.1575
447.0878
172.8828
120.7719
309.3600
485.7555
312.4290
248.5956
461.3385
317.9559
388.3694
356.1135
225.7575
306.3247
274.5885
136.7561
302.5242
352.2037
433.0848
448.9046
422.8335
417.2043
229.7019
367.8224
311.1282
310.7933
274.3710
383.7118
354.3279
162.9328
72.0890
456.8114
161.5327
223.5483
444.8585
223.2346
260.6099
284.4508
366.2144
250.3630
47.2734
276.5756
72.3471
227.6049
454.3560
288.8761
287.5753
286.0211
121.4457
236.5516
257.6682
457.3490
157.6664
378.7334
354.8405
373.7768
193.1006
104.8754
280.0828
439.7450
204.6025
293.2077
428.1820
286.9795
403.4941
401.0150
397.1085
165.2842
188.3748
287.2534
325.3721
190.4304
438.1543
337.4714
594.4997
300.8889
627.5481
650.7344
814.7891
389.7960
354.8126
530.1304
384.7191
407.7889
670.9284
198.1015
274.0415
604.8690
377.4931
824.4259
908.4125
827.9475
886.4786
612.0277
751.6154
516.9008
337.2276
740.3086
543.5750
743.0686
498.7756
333.1158
657.1091
656.5394
487.5145
276.5892
806.2655
94.8796
783.6029
682.1142
391.3671
152.3183
231.1822
627.9630
444.5976
766.4140
697.3914
581.7078
413.5343
886.3573
461.3978
412.0914
803.3822
426.8559
847.1687
606.7341
785.5796
235.6742
386.2715
369.4931
830.1432
732.1949
561.9039
546.7126
429.8899
863.8951
682.9615
270.9743
864.9343
513.1227
806.6078
321.4888
549.4118
878.5337
798.1891
577.4836
274.7101
262.1695
117.7984
542.6401
522.5642
645.3020
551.9639
405.0190
236.0058
360.0036
632.1090
460.4957
407.7405
330.4563
443.3169
234.0456
264.1183
565.5874
158.4849
608.8323
432.6192
500.2945
376.8542
194.6336
329.7474
103.6321
384.4581
346.0490
618.3666
556.2492
235.4048
213.9661
629.8022
269.9555
596.0039
504.2314
267.0570
498.5448
156.7325
356.2208
641.1423
112.9353
602.7755
399.2129
353.5662
384.1212
473.3050
453.0935
265.6124
506.6526
404.3626
514.5089
324.6373
571.9773
561.6205
480.0459
584.8837
260.1526
613.7270
555.7388
628.4448
144.7234
608.7268
610.7788
309.9313
557.2214
465.7598
418.8356
391.7397
498.8007
568.0590
383.2121
515.5565
522.2142
572.8293
83.0139
162.5064
379.7151
459.5555
314.9952
110.9478
636.2041
625.4883
346.8574
560.7833
539.0947
614.2922
496.1149
611.8058
580.5099
386.4738
592.7520
607.7631
331.3341
556.0193
249.6767
153.9904
345.8619
254.8492
673.2385
326.1658
509.3733
820.5304
471.8830
849.3453
126.2742
268.2710
610.8827
251.6978
452.8433
858.2717
649.2575
900.5377
382.2019
652.2352
453.7191
859.2004
849.1341
521.4044
830.3453
730.1902
845.6378
280.0212
182.2461
651.4193
454.2427
887.8662
180.2675
824.7338
207.8533
747.8939
192.5635
616.0404
638.9956
567.1414
529.7625
682.1714
716.9568
130.4036
803.6096
182.6418
898.0808
508.0385
150.7300
353.9777
159.0134
518.2555
273.9691
905.6648
1179.1962
526.9431
1217.6399
387.6816
172.4205
341.5686
1207.7473
1154.0697
1100.8736
1276.3894
971.4980
352.2923
1202.6580
330.7902
532.2507
1180.8990
248.9089
536.1636
343.2053
1148.5619
757.1391
1114.0596
736.5325
474.0262
1262.9580
1262.8248
1207.8950
382.9635
494.5955
300.2560
338.6515
355.1683
704.1990
244.0503
622.6235
774.6313
478.6794
525.4097
612.4399
228.5214
521.7281
212.3957
475.7844
414.6142
440.7145
870.8558
272.6983
578.6074
1220.8469
504.6950
402.7682
679.3054
278.4713
997.7336
1007.1769
252.2797
977.1463
917.1240
525.6476
1274.4631
1078.4074
738.6491
348.5808
446.8601
864.8531
841.4081
1069.0375
1172.6531
1189.5495
337.9119
1261.5739
396.7170
447.7236
451.1641
686.7550
759.5227
1156.2507
837.8016
1163.4665
1091.5683
1169.9623
233.3877
436.2217
102.6300
1104.3685
1256.7369
269.8079
763.3046
888.6692
677.6662
757.1963
640.3481
1224.4018
969.4502
946.0599
266.6099
495.5071
506.1987
916.2686
1150.0373
1111.9449
1019.2286
798.9322
747.7323
334.6461
1134.5366
1101.8626
265.0476
674.4130
347.8061
230.6411
1280.6477
600.9328
891.7383
671.8898
1154.3692
957.7397
1060.2142
823.4665
502.7623
776.4902
907.7408
294.2694
677.4925
913.1984
1045.2482
834.8721
1254.4533
164.0828
378.1167
1076.9270
1175.2333
1253.5014
518.5480
576.8604
242.9512
199.2070
826.6996
542.8315
977.1314
910.0480
595.5467
973.2409
1078.1186
753.8695
319.3809
857.8682
770.0587
185.1496
1144.8716
452.5838
1020.4966
985.0435
635.5072
617.2177
730.7811
1139.0882
491.8691
1140.9916
192.7376
268.1644
328.0738
604.6103
992.5776
1130.4473
810.2584
707.4342
1190.5546
349.9831
1028.0307
967.5109
1071.8873
358.1256
719.5208
942.3536
926.6685
869.5979
558.8289
429.9319
927.2874
484.2690
719.4084
727.4531
151.3759
1110.8434
1102.9004
770.3853
1049.8580
352.3580
699.8786
1106.9482
497.7089
857.7211
480.6392
181.1287
780.8562
1071.9382
767.4971
771.1150
132.5798
554.5228
483.5880
1095.1795
749.7713
991.8166
826.8833
404.7401
630.2260
124.8192
583.5996
192.5770
320.6781
134.6612
647.4683
253.7697
382.7013
351.8232
634.4400
346.7721
176.3955
543.9469
110.0186
587.1862
420.1622
665.6924
416.6941
374.6558
373.2288
285.1943
628.7352
644.0970
251.2198
508.9366
317.2559
634.0348
96.3167
174.7328
287.4461
245.2294
215.3151
109.2347
332.1115
423.0677
163.1881
294.2805
534.1614
443.3924
508.3958
487.0136
609.8385
562.2328
297.8181
622.8269
454.3781
562.5164
619.1082
658.1972
186.0676
286.4046
265.0179
91.2733
240.2772
398.8861
516.3474
439.5219
338.2748
526.4707
496.3135
492.6215
613.0781
573.5625
509.7089
230.1810
262.4501
555.8365
408.8029
628.3520
258.0470
138.1566
427.4464
131.0609
591.7222
567.7854
644.2267
323.2824
429.8028
593.9259
304.0567
495.7645
130.6814
448.9101
503.1727
279.0926
643.7197
281.6568
988.1986
311.9019
539.4886
735.1164
974.2760
613.5486
792.4799
1038.3462
798.0645
886.4271
979.8639
529.6763
1035.2264
792.6133
707.1271
1076.9573
694.4412
1084.0355
712.8691
893.4623
661.6088
862.5950
261.2729
198.4379
342.9293
382.7353
163.5737
550.4328
1074.1073
1060.6604
1005.9422
935.1498
177.0261
341.9441
483.8834
1013.4487
757.6754
1009.3859
924.3504
300.7964
758.1492
767.1746
661.9093
653.5944
307.0330
1061.1578
588.7808
810.2962
1018.5119
1009.1440
525.1122
513.9911
732.7519
634.1416
585.2936
868.4385
801.5560
629.6259
1120.5660
742.3616
539.3834
1000.2846
494.2481
593.2690
1122.2444
762.1881
419.6631
753.2547
625.8747
1093.8862
861.9404
1076.6515
730.3000
251.5434
588.3682
844.0128
109.0715
906.6368
449.9021
1026.7072
780.3356
988.6308
492.5783
502.0883
557.6049
260.4545
685.3652
559.0856
402.8496
578.9148
843.2343
404.2716
698.7938
245.5103
759.8941
586.2770
665.3669
658.3113
539.7742
677.1079
497.9465
559.4584
401.8223
1005.0774
548.4514
348.2019
967.4543
625.6298
609.0116
665.6522
342.9581
243.6487
616.4859
644.8689
596.5080
880.2365
728.2911
969.8983
300.0891
882.1953
488.6670
939.4096
1029.3790
699.4266
188.0425
988.8907
1222.3043
1018.7278
1023.4478
1066.9012
681.5073
364.8825
685.2903
636.4141
594.5709
1101.6965
977.0522
398.4031
1064.6474
491.2814
174.5938
249.4000
1209.6818
622.3165
177.4457
1149.7739
562.3814
1137.9455
600.6754
483.1172
276.1447
673.0083
882.0461
779.7553
1125.9215
945.6131
468.9879
1122.0582
708.4089
160.4493
956.0675
1140.3570
426.0645
302.9841
510.9121
854.2306
105.4124
134.6443
1064.5832
1071.5371
527.8658
1114.2606
1168.4256
503.0500
454.8727
1218.7968
387.1273
851.1871
1130.6035
829.3597
101.0018
663.6452
733.2177
90.4868
84.5449
504.9641
756.8606
319.3321
788.3884
652.6883
506.0379
627.4635
642.0417
204.5008
789.7789
176.7350
652.2372
821.7594
879.6662
768.4259
89.2380
620.5188
856.4779
301.0800
713.3810
701.0247
676.2919
697.0701
245.2950
405.1734
559.7472
827.6189
150.9580
398.6246
832.0250
106.2974
164.4114
188.8852
141.9667
260.5982
929.5017
698.8299
785.3457
518.8687
637.3747
393.5587
865.6569
293.2172
177.4867
473.9366
230.3735
971.7407
730.7899
726.5310
666.1392
511.2790
821.0858
359.9711
391.9270
395.1000
916.8141
136.0216
646.5605
167.4105
775.7015
437.7069
299.3974
347.4950
471.1048
476.3368
1105.9871
408.5402
929.0521
827.8829
740.7764
489.5187
687.3261
285.9716
197.9180
418.2186
1070.0664
250.3421
1136.6992
439.0948
533.2255
1002.7997
812.3370
1134.4302
717.9976
907.9478
649.7756
828.5122
662.9094
1210.8158
621.6739
850.9220
984.5827
755.5879
933.3302
1081.1243
377.4777
803.6639
196.8030
1128.0402
314.0227
815.1068
349.4553
848.6981
953.8831
448.8347
1081.5929
785.8740
593.6701
989.5133
1037.6143
929.0998
751.3102
601.2849
830.3148
1220.3847
155.0689
103.5808
826.5603
710.5867
1220.8589
1205.1016
219.1165
983.1830
736.2260
1022.3349
827.2483
943.2912
570.7854
901.3796
837.3919
744.7974
427.4095
1022.0079
262.6285
153.7994
742.2124
363.4760
142.7975
250.8506
683.0599
777.8564
472.6629
593.8610
594.6231
526.3476
414.0671
737.4233
753.1884
333.6850
792.0665
349.5351
760.2554
539.7157
761.3560
765.8316
509.5272
326.9177
388.5230
793.7383
452.7557
221.9239
533.4933
779.8557
375.4732
371.8394
112.5911
280.1978
561.9258
171.0759
410.5926
415.9615
126.8902
667.1033
772.5868
614.2602
340.1451
375.7574
546.9740
262.4918
545.0397
542.3918
476.0982
501.9754
144.2443
427.2245
460.3017
538.4073
577.9763
643.4484
535.8220
783.1652
706.7379
116.7428
767.1181
215.0592
393.9693
778.9700
380.5665
731.0770
129.7567
601.2515
305.4204
172.0933
444.9082
262.7653
653.3818
599.9400
497.3490
347.9047
687.6689
787.7691
685.4004
305.4535
490.7036
710.9014
563.7600
715.9282
426.9704
249.5224
554.0853
729.2356
225.1292
440.6668
743.2779
165.0481
517.1455
302.3865
122.3346
720.3721
751.2343
294.1280
972.5214
786.9741
599.7122
323.1563
875.0008
626.2985
325.5299
226.7281
112.5252
902.5812
894.0468
697.1442
454.8145
547.8427
658.3356
649.7278
622.3585
455.6704
909.8070
81.8155
426.2128
731.9763
532.4492
950.5875
680.2993
866.0680
868.3851
1142.3706
106.6574
1058.3360
379.6829
464.8732
903.9172
354.8890
987.8609
361.4600
638.7782
305.9618
296.7378
518.6602
623.0079
683.3438
981.4266
95.6764
413.9743
985.7592
1346.6739
761.3509
1212.2401
858.2608
383.0782
723.8732
608.2092
1103.3146
736.3275
1196.8452
1185.2664
739.9011
1171.9122
737.8537
1220.3554
1192.0043
199.9674
128.9300
736.0889
1077.9386
1156.2447
439.7100
905.0587
1189.6330
885.9141
1095.8174
659.0630
971.2738
687.4299
567.6194
142.6587
1064.8358
907.7830
766.6049
226.2720
901.1254
696.1781
890.8966
1183.2721
1161.9692
1070.9689
215.0700
1047.6720
386.6137
770.3927
153.1780
717.8055
1139.6641
553.0962
428.6709
171.9144
908.8011
1058.1047
173.1186
697.9789
147.4147
518.5331
1039.7597
429.5443
959.1898
655.6374
483.7840
815.0579
290.6702
1074.0824
922.5238
1049.7032
543.3619
578.2312
1038.8455
501.9848
419.6351
1129.0664
306.4402
683.5888
693.3328
374.9262
1187.5851
624.1059
794.7129
420.8222
699.9492
452.9182
225.6419
771.7159
987.6887
294.5436
1106.3773
817.5500
610.2477
860.7165
167.3704
937.9190
420.1271
373.0256
803.0383
1162.3110
158.1386
1151.9616
537.3523
1092.5262
447.3392
818.8401
1024.2708
637.9886
203.3113
478.6294
869.8953
193.9630
945.4066
407.5146
517.2222
389.8545
732.4497
639.6971
1003.5926
476.7103
807.3775
108.2415
379.1994
548.3332
262.4667
471.0431
617.6741
644.9388
221.7433
455.3151
110.4785
216.0990
551.0985
455.8447
440.1682
238.6623
576.0454
681.3565
371.2960
375.8942
408.1545
229.2702
584.6200
632.8994
181.7941
643.3702
209.3486
574.3479
122.8653
450.7298
54.7189
439.0514
484.5928
379.8735
258.4346
634.4086
85.1779
145.9916
576.6733
242.0946
515.1862
609.4716
368.7341
345.5391
348.5020
681.3228
486.4862
193.6945
661.3727
97.2634
475.8669
359.8419
258.2127
341.0066
275.9672
354.5696
269.9000
396.5619
198.2837
318.5168
76.5366
199.0446
639.3155
497.8591
483.7021
177.6835
423.1004
501.9822
248.7270
273.9356
633.5818
651.0039
153.4138
285.7199
283.7923
418.8757
261.1111
653.5465
516.0426
211.2706
677.1010
262.8585
475.3656
228.3965
504.1372
637.0418
485.3994
658.2496
317.8184
583.5358
265.5662
332.5465
675.6947
185.7557
57.9231
469.8286
606.9163
223.4181
286.0053
576.3180
341.3396
1046.8422
755.8410
858.2788
1063.5271
483.1023
265.5828
124.0108
873.0295
1144.7855
1072.2890
933.2018
141.1761
863.5760
413.9558
1023.5146
1109.9788
508.4518
149.7055
1070.9443
1177.6889
1237.1527
545.2055
556.3321
561.1007
197.1388
498.8556
341.6975
548.5992
522.0903
601.8186
260.4433
379.3826
427.5942
588.9156
168.5482
533.4475
149.6339
445.2595
435.3699
475.6520
329.6360
559.1240
615.3558
505.0324
554.7088
649.9007
337.3858
390.6605
690.0391
125.3092
384.2512
725.0892
267.4840
470.0676
548.4110
334.4746
158.7938
709.9877
704.4594
558.6386
572.4432
204.4429
115.1890
220.1145
649.5298
193.1714
604.3172
679.5191
505.1324
274.8794
406.2037
661.0762
667.2772
257.0417
414.9687
476.0975
85.5792
586.3653
685.2998
690.1627
605.1986
319.4186
678.8195
703.3153
620.1649
482.8866
292.2317
655.6054
450.9697
382.4184
999.8549
767.7783
428.9774
926.8582
963.6596
287.5317
543.5957
479.3792
1081.0447
639.8999
134.1791
639.5830
859.1790
200.5451
703.1986
441.0255
297.0629
434.2702
959.1808
329.1718
1025.1755
411.4132
554.9906
699.6564
311.3530
894.2222
250.3837
317.2905
883.5207
472.9848
608.4557
751.9001
1047.8357
879.6319
513.9279
893.3804
1022.3592
891.6083
148.6529
991.3596
326.4896
210.7349
468.8000
1030.0606
334.3996
990.5961
314.6798
546.5201
247.0700
1109.3011
751.7520
105.3502
410.2321
1088.9713
724.7427
626.8883
868.0887
854.5666
811.2788
602.3515
86.4828
180.6109
89.3733
1057.4178
954.2185
530.5175
829.4041
852.4500
201.8610
884.5544
710.1723
449.0660
977.3930
996.4788
322.9415
120.3549
864.6331
552.2479
589.7567
983.0763
551.1459
73.3806
1004.2531
817.1905
1090.6922
590.6347
211.4570
1260.8219
743.3788
199.1916
961.8693
803.8709
1058.2554
585.8077
669.4136
1074.6173
281.1265
911.8826
412.1629
763.6915
968.5726
1102.1177
1206.5974
533.9499
836.1734
1128.2172
250.7897
198.2295
659.3435
602.4967
639.4916
1068.4539
314.4848
460.7328
459.2186
299.9068
1245.6606
1191.0598
287.4011
715.1011
1265.4992
1100.5122
108.2819
1053.9299
362.1699
688.0364
847.2029
535.7643
219.6134
1083.9549
1107.2777
1059.7395
909.6639
1042.6330
249.1316
395.6165
893.7911
401.9578
494.3929
158.6917
861.7094
968.0934
1117.4603
1025.1872
1232.1187
246.9885
868.8256
916.0403
216.8954
604.5552
947.4246
1145.5357
1297.9411
1161.1963
155.3619
1053.2371
1285.1974
991.5569
480.0907
1088.1125
1036.2918
728.0742
113.3839
116.3714
238.9671
788.2553
550.9812
790.2679
241.1190
148.3428
573.2398
699.5256
784.7938
404.4983
478.2161
183.0180
807.4865
446.2695
122.0625
913.6998
1029.2819
244.0382
563.3300
703.9872
275.9792
520.0430
221.8076
917.6696
948.0857
576.7339
907.2790
883.0144
1093.1690
922.0562
900.1907
231.8812
585.2704
291.3751
886.1090
691.7264
338.6387
298.4466
208.4343
958.9861
570.9333
563.5633
1011.7291
195.8220
840.9429
1030.7055
974.8144
762.2593
133.7602
406.6860
301.7471
311.9418
766.2895
409.7323
1059.8106
592.5185
821.6056
865.1975
316.7886
816.0694
664.8147
1046.4034
909.9674
1045.7822
216.8301
672.8222
124.0738
1168.7864
513.4365
569.2635
745.1269
579.2853
111.6199
752.3286
460.4748
436.4002
905.7852
179.5011
741.6347
401.1345
889.7131
561.3203
919.3515
1029.6206
268.1153
927.8625
277.8716
402.0876
482.9254
996.0206
232.2373
122.2104
1162.6364
1086.6326
1007.7939
399.7404
443.8501
91.4472
683.7903
98.7527
1141.1423
1245.7904
446.3060
531.7802
297.8365
560.6470
93.3780
662.4007
222.8593
207.7631
380.1484
914.5178
974.7803
1041.5769
157.8084
1259.4719
1120.9190
344.8601
935.3382
511.8933
547.1848
637.2238
277.0899
955.7100
556.4647
1283.2522
500.2863
1055.3197
1285.8764
1032.8843
1062.7639
1096.7932
938.8341
1329.2854
229.8666
1101.1594
559.6916
235.0993
382.7870
672.7750
348.8093
644.7265
161.1712
1171.7784
284.6753
228.6937
1101.0397
1262.7376
473.5426
675.1952
427.4423
878.7541
1140.3881
595.0005
450.1043
315.5441
539.0346
815.1081
1221.0581
484.1592
466.3432
944.1346
177.4591
1231.3501
943.2417
314.3721
998.0004
1310.9160
450.5026
513.0244
654.5800
1142.7322
1170.4296
263.4352
1363.8056
367.0173
1172.6901
212.8972
712.5932
321.4432
897.8663
419.6589
334.3839
1177.0909
687.2674
1139.9786
472.3162
1300.7697
197.1476
490.3332
1125.5197
1261.3210
996.3425
383.0159
194.2148
405.0444
1175.1490
943.8288
218.5845
953.2739
1279.3644
759.7788
710.7111
1078.0957
895.3157
704.1512
1288.2281
340.9396
81.5561
281.4414
112.4576
814.4143
397.2527
977.8081
265.2283
603.3846
423.8616
1167.1062
1268.7830
253.7257
577.9428
440.6277
558.3764
1129.1321
1164.8707
372.3883
1142.2525
756.0743
301.7867
864.1156
1194.6650
573.5387
174.9591
383.8485
1192.8735
827.9867
396.4352
1038.1440
99.4940
1220.0903
683.1904
398.1111
898.5060
1090.7806
112.8792
250.1407
195.7116
446.8853
1285.2999
139.5683
589.9603
551.3958
485.9718
991.0721
333.0746
884.9051
1027.9216
497.3765
679.6307
747.3060
575.0055
1120.9148
916.7111
335.9768
243.9925
1007.5336
758.0563
1184.9247
983.4524
149.1678
939.2108
301.0533
1115.8994
558.6200
452.1296
152.9052
820.9899
776.8736
1010.3144
141.9692
172.2136
878.9168
1055.7981
1160.8567
729.2040
919.4550
851.2913
536.1656
93.8392
240.4280
1066.6744
576.3888
119.9159
782.0187
756.0604
267.1690
566.9770
214.7034
255.0224
288.4534
262.1443
1039.0255
469.9182
137.1960
356.5200
751.5862
197.2173
996.0784
233.2131
1070.2269
1024.3406
298.6018
743.7299
884.1429
251.1502
155.0975
577.1380
949.4150
578.3137
578.5212
1039.1474
418.3872
953.5629
1054.9185
1004.8649
473.9560
1161.7354
318.5013
561.4672
207.7390
485.7221
682.2474
1105.9708
781.6140
711.3625
230.2212
239.3400
779.5515
1078.4546
359.4577
637.3877
907.2153
530.4540
1149.7935
238.5177
1233.4397
910.0323
272.7744
132.9783
891.1353
1095.6546
611.3838
1096.8195
1334.8023
913.8482
1036.5123
1241.2307
177.0246
441.1568
1203.7141
1039.3536
664.3850
215.1314
99.3009
1266.8883
680.0887
858.1089
934.4859
1124.3496
284.4518
1228.9823
884.7878
1363.4458
416.2366
700.6567
194.9090
178.9626
1361.0089
355.8376
212.5602
850.1191
1269.7055
703.3772
459.7926
1211.8296
1366.0314
1290.3572
1044.2307
131.1326
291.4622
807.0942
1062.5086
825.5536
898.1619
1064.1197
658.4525
1336.5809
427.8355
1348.9356
1059.0866
593.1071
1185.1263
451.4600
552.9534
1391.4266
999.3757
630.7854
177.6614
960.3832
850.2992
281.7477
291.9312
687.6522
854.8728
688.5121
970.3100
1135.7029
1317.4092
624.4069
560.8681
1272.9007
386.1762
990.0876
866.9711
497.4880
652.4532
908.4668
1235.3983
374.9264
922.8982
780.5634
582.6756
454.1547
877.9438
1084.6033
779.7715
1167.2735
723.6425
731.9035
893.2915
1120.1683
735.5778
1059.9775
636.6909
1253.7667
369.1547
189.8710
1057.3957
352.7544
698.2540
217.0977
277.3606
931.0745
1078.3813
1002.3307
1240.6092
350.2905
547.1588
1144.6247
601.4329
1273.6449
572.1573
1008.2070
383.0898
1252.0283
748.9005
1003.8261
1087.4082
1268.1172
348.4408
627.3745
1056.5896
935.3735
297.1192
303.7619
854.5216
548.4325
389.7423
551.1610
761.4694
933.9912
651.1005
903.7871
493.2881
348.6954
541.8025
381.6577
577.6612
925.1297
134.1208
1003.8378
865.4320
602.1234
661.1535
1083.8161
509.1312
1211.8583
743.2940
198.1767
1149.0390
942.5072
707.9197
870.1925
508.4521
331.3034
391.1799
570.0580
468.8857
1132.7455
879.7412
590.2116
696.5088
248.4229
1104.4864
1009.3122
1104.6644
838.7928
1077.4341
460.6328
801.2443
984.2182
874.0983
708.4216
168.6532
1310.6141
1250.6141
785.9580
1034.6301
864.7444
1210.7150
1226.1740
257.7117
1237.1807
1300.6947
108.7067
1258.7820
1183.7882
787.3051
850.8787
707.8484
687.2880
738.0506
768.1598
369.9148
686.6215
390.5258
1257.5810
100.8959
457.4015
226.1965
912.1175
1212.2479
527.0287
386.0574
753.4843
526.4882
304.4944
113.8714
168.3714
1030.2040
1231.6411
1284.9038
1157.2757
1156.2028
1274.5340
1174.5230
1102.2362
1146.3962
633.6838
618.8515
515.5398
1136.1026
1169.8053
1108.9992
130.1305
520.3634
115.8480
1289.4187
534.3013
484.5876
196.2140
1258.4429
359.9816
620.8752
315.2405
967.5016
984.4550
682.8978
624.3166
63.7192
773.0284
504.5237
681.4877
809.1632
693.2341
365.0480
317.9492
175.9997
713.2083
342.3621
140.3489
528.1641
797.3407
324.9518
236.4055
688.7641
180.4497
262.8278
800.1041
194.9658
399.0469
674.3105
77.7511
438.0076
450.3222
250.1452
764.0804
521.1090
808.6505
560.9182
1274.1156
141.1978
161.9991
171.2143
505.2355
990.9884
694.3594
889.4819
912.9531
271.6473
797.9690
1274.1640
387.8885
399.2208
104.0869
451.3906
367.0305
661.8022
938.6691
629.2162
1250.0211
484.5794
262.2124
393.9061
447.9333
1076.3166
333.5197
747.0967
878.1922
463.8654
917.6317
860.6929
496.5006
958.2784
907.4464
815.3377
640.3612
213.6975
359.7942
141.5775
378.4482
968.8470
113.1169
599.4497
1167.7114
122.9526
860.7156
173.1592
680.3832
471.3580
680.4791
635.0369
774.0345
792.3848
843.6251
1019.3090
554.1560
995.9336
438.5521
1209.6986
1247.7627
1150.0072
774.2779
445.0362
812.1297
327.5681
1055.9815
1222.1626
422.1614
1222.1357
1249.6393
631.7545
898.0058
1260.5923
1019.7170
767.7022
500.1323
633.9118
682.6405
756.9400
539.8450
1115.9371
551.9965
670.7968
108.9416
309.8520
843.4649
275.2480
181.1229
1100.0821
219.1215
168.6760
1092.7213
860.4935
789.5781
628.6562
515.6016
1168.3155
932.1312
282.3564
530.4007
1106.4860
172.1059
900.4564
1116.0466
959.8746
927.4973
426.8654
358.7557
374.4063
984.0911
741.4120
299.1525
303.7269
1162.3592
310.2332
485.8732
834.1671
459.0856
546.6006
760.8147
553.4370
598.3423
676.8040
113.4185
1147.2375
1064.6540
529.4693
1144.1522
823.7531
671.9588
494.5265
756.9744
717.9874
103.0115
698.7537
459.6374
932.5986
928.1007
675.5567
1117.7178
737.5521
1166.6062
222.7888
872.4500
1157.5646
410.5243
1142.2382
819.9390
717.9088
508.3592
330.6889
1042.8885
264.6539
594.1097
703.3864
606.2905
456.5391
558.0783
159.3438
1128.2540
1066.4842
101.0733
440.8534
1321.3819
1324.0193
548.1453
1200.1116
581.6220
393.7311
625.2019
1379.3351
1177.5927
295.7098
385.0683
1172.8375
806.5190
443.2424
512.8868
1372.0114
862.1090
860.6006
978.9050
670.1752
1268.8987
1337.3011
1225.1569
371.6735
1049.1491
1010.6556
380.8476
1312.6507
493.2726
241.4134
319.5455
384.6409
131.7407
761.9148
113.4301
622.3142
1022.7620
649.0732
588.9331
767.2324
837.8066
859.7723
481.1896
118.2242
1152.7053
875.9941
1394.8293
558.4323
226.0919
966.4187
1080.6897
1372.9179
890.6873
884.4383
327.6448
467.1928
414.4377
609.4702
346.5692
798.0051
750.2117
569.4834
1047.2707
790.1694
1169.6006
1068.1592
1237.0479
757.7300
225.4073
374.9096
1329.7567
237.0395
720.1856
292.1191
740.9039
769.0804
664.9005
100.4508
502.7983
530.6989
770.8716
462.8107
889.1467
287.1169
307.1549
364.2315
772.2120
746.5792
753.4773
406.3822
513.9884
770.2602
450.3382
814.1161
471.7346
566.2302
383.1750
332.4359
879.5402
1158.3396
661.8994
551.6352
1260.3177
312.2087
120.7493
185.3919
485.7898
1070.9206
1099.7266
820.6784
1026.6269
914.8613
642.5997
246.5357
643.3184
1164.7278
350.9399
870.1866
1099.8707
414.6463
97.0853
867.6518
591.8179
778.9135
1197.3945
915.6717
1167.8513
281.3385
1097.6877
759.0728
115.5652
452.7952
1137.0973
88.2929
641.3684
1159.1818
185.4806
873.9324
288.8522
366.5383
605.1197
895.4973
215.7933
783.7944
189.0105
765.1287
176.5557
882.9597
1058.2767
1077.9321
694.3597
593.4958
332.7575
811.1249
104.3248
369.4575
815.6268
1049.5043
1057.9781
1102.7681
145.7664
271.1570
330.7381
667.9691
375.6824
423.5255
749.5455
641.6621
94.0163
899.6656
866.8036
612.2524
659.6268
954.4536
201.5125
739.0527
578.8244
281.2959
464.2838
516.9498
243.2660
989.0184
946.7624
469.0691
670.0954
959.3405
712.0688
306.5354
898.0114
651.2845
306.5114
937.2306
797.7837
525.9299
456.1809
1009.8949
810.8357
1028.2007
518.7098
817.3916
812.3014
201.3732
244.1712
290.9734
1029.5399
344.7960
892.1796
786.0492
313.2819
500.3302
788.6110
895.3157
330.3743
280.9717
757.3818
315.4949
811.9893
1148.7534
574.6726
345.1690
228.5638
653.7647
1124.5552
827.2220
953.5975
694.3062
1095.8556
601.8057
922.4032
617.2736
351.0354
529.7210
699.8820
413.4199
794.6279
1014.4275
992.1233
841.0043
641.1557
91.3862
1148.4214
192.5245
898.0486
329.4826
377.7888
1213.2801
141.4587
1180.5588
356.3217
1238.8273
231.6546
1117.2449
869.0774
199.4903
1089.9765
1186.1231
672.5681
1219.7580
1378.6616
1004.9452
1225.7375
1234.8985
1210.5999
663.9026
181.2404
1198.6812
993.4332
114.3031
185.6713
174.9983
200.4628
1257.8799
114.8505
585.0624
858.9044
1017.7571
498.5780
370.3817
805.1226
113.2082
1185.3798
635.4132
1272.0993
694.1305
842.1193
1085.0767
353.8128
660.2172
264.3051
873.4966
805.2345
806.7515
869.0923
718.0794
107.9089
952.6553
616.0508
1017.4135
981.9940
707.0799
1093.2361
1078.5984
670.6613
1122.2947
344.4885
179.8643
841.0881
734.0851
460.0080
312.4106
763.5918
338.0942
837.0005
743.1870
916.8873
349.0673
516.3827
1142.7922
893.8848
678.8083
714.0721
370.5284
125.8597
241.3392
968.8352
156.6445
1083.2199
248.3499
1079.0904
762.1059
850.3690
874.8757
528.9223
169.4253
693.3480
763.1131
267.1837
185.2538
139.2335
626.6449
408.6850
814.3760
851.4250
1115.3771
211.4395
444.8899
131.3187
631.8455
271.2331
937.1558
1167.3180
877.2922
1177.0548
1204.7135
1010.2455
848.1637
110.2837
881.0749
344.1607
330.7206
985.5832
168.4989
484.3144
810.8534
887.1788
96.6303
652.5766
796.4823
1049.9409
258.5794
1094.5702
460.1984
217.2085
912.7719
460.8585
1117.6935
715.2588
1090.8233
440.6086
681.5876
1250.0907
1082.2823
950.2776
317.0932
1081.3615
1342.1755
334.3579
1093.0872
880.1486
559.7427
1272.3796
482.5860
617.8397
397.1851
1136.7126
1320.8343
399.7820
409.4943
771.1830
1287.3218
551.4431
488.2952
390.8581
650.9732
1235.0073
720.5662
385.6501
589.7754
429.6084
696.9632
1111.5192
312.5916
394.1307
693.4501
513.7381
1311.7017
692.5115
719.5881
1059.1700
148.6268
1119.6063
982.3150
526.0955
351.9828
1222.9514
273.6561
323.6620
246.8400
565.1607
960.3717
172.4355
967.8614
1277.4658
455.3599
208.7990
1167.3880
1026.8529
482.3138
378.7952
1290.0231
1028.7994
1327.5115
244.1790
1263.3205
675.5390
638.7718
1231.9612
1198.9955
1190.3369
937.0027
1236.0584
376.5779
361.7833
1031.8075
1077.0454
712.5509
1395.6825
602.6878
1424.0718
1320.0839
1058.9925
545.3361
672.8856
1295.7570
1158.7580
179.5644
344.3990
1014.2626
1214.6995
387.5746
199.0893
246.1451
1283.9779
913.4597
290.5359
774.5926
354.0543
296.0748
168.0491
268.7114
92.3175
328.2217
530.8828
363.0302
1209.4091
1411.3347
932.9441
1165.0640
571.0959
917.7396
1037.7856
1427.6281
1277.6102
173.0793
1285.5275
985.0418
260.8264
128.2867
510.5355
1332.8859
420.3523
599.9583
92.6357
211.0223
1319.0973
292.0625
869.1727
132.0977
1159.9950
259.6993
1303.0364
733.5014
801.6823
883.0220
413.8224
733.5081
552.6357
1252.1342
821.9319
873.5377
1082.6545
1273.7213
817.0267
1245.2936
640.4748
526.7325
852.4401
699.6404
1086.0772
831.2971
1205.5347
755.9568
688.8169
802.4813
1296.0127
335.6097
408.1374
831.6442
371.8944
145.6826
955.0009
327.5012
774.0584
325.9111
1053.3163
1023.6324
913.9081
159.8339
926.7628
297.7568
921.7724
619.8022
204.2983
301.8546
501.7331
728.0195
698.0894
1160.5519
1214.4118
379.0898
612.0337
1079.5997
976.8771
1111.9524
480.8217
933.6960
1269.8241
747.4069
334.7079
274.0104
787.6738
1122.8963
639.7488
957.7491
1046.4601
598.4304
372.5521
739.0977
921.9479
1199.6761
155.7389
491.6666
742.9235
672.3958
668.2907
258.3340
690.0731
243.4287
1263.0576
817.3596
532.3975
1185.5797
1135.7603
967.8432
1193.1946
1128.2676
892.4236
796.7245
502.8430
1242.5525
742.8306
1034.2947
962.8152
1130.5589
651.5092
674.3079
381.9453
863.7120
1151.5622
1098.5611
770.3357
1183.1868
207.3776
1223.0185
544.8818
750.6494
177.2764
1023.2914
858.4827
169.8817
468.1284
1144.4780
1224.1376
243.7626
809.5739
1149.3402
1207.8712
269.4792
628.5434
406.0913
225.5900
1122.6409
1212.9089
1039.6394
975.1616
568.7998
321.1909
1144.4510
1172.1580
104.9684
963.6442
633.8854
1189.7358
1029.1510
566.1560
420.4761
397.9595
629.7936
1211.6315
1056.5288
687.1849
376.5483
915.1531
621.9979
504.0356
302.4605
437.7012
407.3169
459.8872
895.6465
674.7091
567.3852
698.9203
592.6216
195.3341
247.7373
967.5924
409.1517
1225.6224
847.0188
419.8376
436.1579
243.9954
934.3425
313.6818
800.7060
438.0916
503.8670
982.7406
819.6870
716.1894
721.9144
974.8279
361.8653
621.2756
694.8319
577.7517
767.8849
666.0834
273.7526
618.3442
875.6622
961.7566
544.6403
592.9862
878.0636
626.0583
471.3061
880.1976
82.7187
678.6264
546.1716
443.6080
790.6613
405.4867
625.1950
532.7523
687.6172
927.7192
454.2982
430.5312
591.4489
982.2080
327.7655
788.0446
549.4553
864.0280
235.1077
166.9980
460.8830
423.4412
680.4686
215.0593
301.0694
1016.3601
688.3488
1026.4119
593.2447
961.9530
859.3919
599.1722
588.3282
298.6549
855.1238
253.3297
584.1688
396.3991
659.6356
91.5849
220.9663
920.7424
445.5126
690.8257
854.5541
637.1977
392.1405
295.8391
71.3403
193.4601
275.5055
774.0740
590.8929
811.9052
442.4590
549.8852
838.3516
587.4594
548.2713
278.0175
235.7754
712.7230
767.6250
808.1645
158.9221
482.9816
263.7863
236.2375
670.0477
595.4572
403.5413
793.2017
834.5508
297.6120
695.5357
588.1319
466.7958
688.9103
668.7172
470.3972
773.2078
811.8274
348.6480
477.5339
750.3547
661.5304
863.4773
713.6663
343.1092
539.3830
854.9444
478.7095
349.5295
750.2544
401.5874
423.1229
331.9656
552.7886
551.0600
855.3328
218.8754
803.7945
776.3651
161.8817
200.5129
590.4143
653.6745
564.9639
379.0095
428.0325
870.2363
247.0437
350.6700
347.9301
610.9690
182.1130
859.5184
602.3287
789.1853
179.7634
411.0003
411.6552
1296.4480
1063.7733
558.3652
1135.3570
772.9424
1020.5579
583.7201
1223.2981
1002.9480
775.1353
1004.6698
1037.3450
717.7324
1325.2292
1322.1339
786.5191
1238.3230
806.2455
1122.4648
1226.2842
183.4855
742.8432
404.8334
516.5505
115.5058
693.1287
302.2590
1019.3082
499.9505
1364.6587
708.9332
553.2264
1120.8731
1183.1032
111.2517
357.9117
662.9099
372.2037
149.9780
205.0885
1015.6647
1054.3887
1128.7010
281.5485
988.1032
1061.5826
949.1355
250.7797
1274.4367
519.3105
1039.4995
443.4901
729.9783
989.1999
1204.8604
175.2183
603.5528
371.5940
1252.6341
403.1451
724.4540
1137.6431
853.4505
525.0005
837.3099
188.8462
1287.3651
288.6163
1105.3141
841.6735
446.7540
114.3752
1117.6651
877.2227
956.2966
748.5811
1136.1188
930.9513
884.3603
1091.2753
1255.1956
559.5853
127.9564
653.3474
112.5759
1238.9931
734.2205
632.2763
260.7232
654.7683
898.7523
868.5374
424.7920
345.2474
1203.5797
1098.7688
450.0179
1172.6787
952.5932
726.1244
219.0397
1276.2600
212.9156
903.1502
521.5241
85.3236
1122.6488
1143.9174
980.3005
389.5310
250.4402
663.9416
701.5415
1203.5372
925.1385
763.2526
635.9239
957.9164
320.5765
848.5951
463.3760
841.3037
937.8057
666.0677
408.0262
599.1112
997.4696
966.2437
1024.3571
1008.7849
773.0341
274.4448
364.5178
876.5250
974.1606
823.6512
927.1901
922.3453
210.0165
504.3924
830.2716
704.5837
967.0380
176.1136
666.7474
636.9580
823.6457
1083.8224
273.8563
983.1192
683.4502
609.9105
563.4047
305.4923
1059.7343
799.8882
756.8954
869.2476
715.7444
683.0489
718.5200
1135.1271
674.5841
1049.1923
106.7006
955.4241
185.2286
732.6428
1128.5989
1138.8802
730.7893
517.3718
685.4421
451.6843
856.0552
385.1542
1144.5005
954.8503
178.8500
676.7788
166.9116
677.5399
474.9660
562.3190
236.1517
424.8780
945.3735
158.8524
1094.2125
454.9950
738.3193
642.4391
425.3357
104.4678
507.5157
444.7658
969.4974
588.1003
981.5164
939.1097
563.7261
517.1539
205.0015
1035.0998
803.9116
934.9833
197.5830
789.3313
720.5579
290.2223
182.0006
779.5184
824.4011
553.4461
1116.7593
924.5406
811.9825
902.7466
973.1284
742.6688
1150.7105
515.0461
1149.3393
414.4549
532.5504
495.9771
709.5847
620.6998
1148.2566
742.6274
1054.3011
140.9037
999.8519
1200.0874
751.6438
1098.0304
801.7323
785.4540
237.9051
574.3009
490.4257
810.0280
999.6694
931.1733
1217.8954
770.8357
811.4689
741.3431
996.7292
1226.6606
238.3587
930.5863
666.4726
1122.3465
550.9148
304.0130
141.5591
517.1039
555.0897
642.4480
616.1042
447.1519
288.4290
618.7273
524.5180
328.9396
1100.8945
1169.0496
828.3936
321.4668
727.6017
1166.3814
830.7637
152.1134
1147.0452
735.0025
1122.8202
687.4999
321.4101
1030.5051
965.4864
516.7943
710.3883
1152.8836
134.5238
1158.9288
1008.1669
1150.3214
971.1853
587.8742
1121.6464
455.6356
218.4954
378.8085
483.9522
1073.5512
573.5598
346.6811
1045.6813
1162.4920
535.1686
523.4500
1133.4808
1137.7774
573.9799
1083.8222
658.3382
468.8152
531.3815
829.5872
214.9131
186.0269
1124.0509
519.0877
457.5759
391.6557
704.6950
783.6151
943.6361
886.8702
565.2038
1212.5107
398.7289
1185.4206
370.3879
509.8473
712.1084
705.5089
326.7129
1083.9573
1214.0221
997.1012
1162.8615
1045.0907
665.6581
1129.6875
573.1458
943.7455
636.2983
273.7830
979.6109
641.7546
477.8143
794.1736
1116.2590
1050.3838
104.1995
118.2968
471.9623
929.2233
399.1341
906.0055
858.8607
857.6898
565.3695
100.2905
558.5176
880.6665
615.8171
1049.3453
453.8554
271.5301
612.1715
737.1087
383.9525
656.4601
976.1731
532.9841
755.8866
960.1915
484.4892
719.1886
1051.7576
623.1247
196.3779
877.5477
904.6171
953.7885
1110.0858
89.6048
191.6585
380.7729
885.0649
1005.0155
780.0615
286.5093
1293.0208
577.2621
155.2785
610.7795
550.8024
469.3974
606.5640
617.3628
185.2431
1127.3401
1249.3466
158.7125
462.9585
843.6994
567.3515
341.6316
551.4757
388.2629
837.7154
1283.1090
1286.5222
285.2008
1033.6100
746.3404
290.9610
1113.5460
993.3878
1044.9369
789.7194
405.7143
1198.3097
762.1777
863.6848
1250.3772
1205.2314
1244.6254
389.3329
474.9582
532.3008
476.9797
245.9101
451.8095
541.0938
602.8822
1141.3563
973.3993
829.6171
342.5083
1213.2721
278.3883
301.0345
1182.1303
458.6772
1199.3364
589.9957
1170.7498
1232.1011
1077.2883
802.4080
297.3810
1195.9681
997.3751
266.1734
199.6904
893.2901
676.1643
417.1796
778.4793
351.6783
982.3677
214.0466
1333.4081
805.8911
954.1468
1323.4584
121.5167
1079.3703
1097.0265
797.6041
1240.8686
1057.5774
1327.7994
951.6646
379.0553
1115.4735
208.7960
129.9347
993.3074
1153.4736
827.6516
1138.2472
994.5012
416.7553
1253.7684
1067.5409
1140.4249
564.1636
1298.0219
532.9601
775.4105
927.6313
627.4312
761.0507
310.8369
125.7171
734.9531
332.8550
1062.2185
427.2930
525.9385
973.7288
746.4545
300.4280
804.8081
872.2033
781.6452
100.4812
349.8316
1031.7655
1084.7683
592.6601
834.7199
930.8628
1029.0120
148.9856
291.1791
316.4528
1203.1481
360.9790
899.4132
429.4101
380.6822
172.1046
1040.2247
195.6095
96.9312
837.4134
1093.2260
830.6432
874.5750
200.7539
425.3726
783.1488
766.1598
519.1833
251.5003
920.4066
1046.8471
1211.6699
387.6008
148.2101
1271.8984
701.5748
1089.4464
1025.3639
743.3119
1227.5189
1183.5689
663.7643
296.8481
801.3916
923.7404
559.7566
857.7641
673.7911
642.0862
864.1677
112.6139
417.5606
357.1631
891.2061
509.9776
654.3207
332.0102
1086.1106
988.5266
471.0546
719.4905
748.4715
388.6742
943.1829
789.4665
384.0618
297.3720
583.9381
1235.0488
894.0927
523.4793
1142.1748
182.8726
689.4950
656.9330
986.5271
1054.4281
118.8180
319.1940
368.5071
884.9969
340.2769
657.3614
922.2108
816.9990
1024.1207
1038.8871
786.9349
594.8376
687.7331
746.8642
561.0963
966.7976
1108.7981
607.9902
820.9728
656.0423
693.1468
399.0825
753.2863
886.6650
658.8605
858.8580
1022.7491
702.1377
1044.7380
269.8253
267.8134
565.3718
227.1492
962.7814
548.7621
224.2193
102.8470
932.4680
845.1038
902.8963
949.5269
534.7925
1007.6086
1119.9545
275.1455
111.1431
683.0658
370.7742
253.6740
725.0005
710.3166
165.4550
280.0357
309.7796
199.5091
651.9609
919.2000
560.3841
630.6458
400.7954
826.3574
878.4533
73.5884
357.7765
486.6573
1081.2341
1143.3155
755.1792
190.0841
1036.6682
465.5217
903.3911
1297.1290
285.6982
931.1946
880.1647
928.5175
496.7630
1202.1447
1217.6529
724.9720
714.8710
937.5879
864.0995
1007.8535
744.7302
533.8308
673.7659
1098.6271
1260.0096
251.8487
150.9701
564.2736
292.0067
410.8278
881.9811
1223.1456
119.1770
189.4460
1288.3971
1056.2059
543.4778
835.7622
999.0817
695.0325
357.2839
492.1620
173.9677
709.2298
296.2970
1272.4757
1232.2711
869.0748
852.8680
733.3761
489.6699
134.4398
1081.8445
987.3893
1128.2989
985.4089
1101.8450
1169.3131
1344.2433
1242.9669
157.0321
874.9676
1110.9118
184.9448
944.8979
1045.3777
1120.8439
1288.8297
495.2020
648.3129
1187.1091
817.7155
656.8582
976.3837
451.7464
391.6556
444.5452
144.8454
559.9644
299.7111
664.4546
449.2427
638.5733
684.5824
680.5237
559.6077
617.2146
661.1845
622.2739
311.8120
557.2884
687.2665
513.5528
266.1017
272.4261
583.5372
584.9463
158.0378
461.4791
486.6280
610.0346
673.0258
532.8927
590.5133
520.4338
685.1316
90.8626
672.7462
89.8043
561.7476
216.3264
665.4726
109.1715
674.5830
650.8146
686.3523
525.8906
557.4586
647.7497
398.9580
637.4293
487.5884
374.4349
406.5701
552.7571
476.8270
96.0600
374.8371
503.9750
466.6809
607.4734
342.2189
412.7445
383.8193
677.7275
657.7838
354.7623
679.0084
627.0354
356.9260
534.1911
665.1076
272.0606
542.3051
638.1919
90.2222
524.9722
426.7338
559.0203
442.0150
585.1074
474.7327
646.8076
687.5428
617.6939
481.2121
454.0407
620.8240
603.4072
665.4927
305.9550
492.1337
250.7800
522.2310
617.4369
172.6760
456.7110
109.9804
92.9928
306.3937
369.7374
536.7085
197.6599
360.3239
999.1462
767.3277
437.7793
1018.1615
319.2719
791.9558
558.2676
521.4035
548.6114
247.0490
438.6009
211.6085
402.1909
755.6409
383.8879
189.9705
926.0703
145.8049
875.9265
720.0720
240.8376
231.6224
869.6625
895.8283
833.5271
119.0949
826.9427
590.0603
476.8429
141.4062
809.5584
422.4752
805.8712
137.9483
389.3524
981.0622
827.9626
804.9924
445.9384
287.7900
923.5434
748.0718
508.2514
228.3803
748.8669
440.6575
879.7368
531.8287
480.3568
682.6094
454.3092
822.4170
490.0459
687.8460
951.1481
770.2309
924.5644
665.7129
942.4683
441.3415
803.5429
148.0062
695.7739
140.7845
218.7347
488.4384
652.3101
514.6473
663.6525
262.0222
752.8165
923.4686
645.8407
222.2515
164.3346
375.3539
557.4629
934.0794
757.8590
859.9132
650.2247
163.0203
716.9993
943.7531
744.2934
704.1783
1064.7030
218.7007
1121.0316
698.0727
1144.5321
778.0686
1263.4657
1348.1072
669.6510
356.7243
196.2480
209.0273
851.7142
172.8499
1318.4549
943.3286
645.5021
1220.3887
494.9314
719.0577
766.4691
1207.5749
1002.0480
1004.3444
1080.8446
867.1015
206.8931
1113.8970
188.5824
1231.5226
160.1203
1125.9182
1309.5635
1162.4943
378.3262
1072.5748
517.1536
216.4537
1040.7982
999.7636
459.0392
1107.3635
1075.2932
1119.8475
1157.3803
1012.2524
652.6480
359.9920
842.4997
966.6187
918.6703
1362.7081
779.3567
481.6413
987.9679
415.0504
1151.9279
1062.0148
1334.1406
1210.2810
907.3447
1374.6460
949.0547
830.9017
1158.8938
1150.0130
465.3117
217.4774
1226.7640
1302.5191
1081.1511
252.5012
1027.6042
756.3389
1221.3003
858.0990
1169.5557
1133.4193
1122.5940
216.1125
841.6659
602.4699
1064.6977
100.0495
1170.2512
1071.0144
1218.7446
505.7214
724.0754
1228.7095
800.2251
581.8046
394.7840
914.8904
568.1388
919.4619
123.2007
1236.1819
583.1502
219.4679
1247.7880
882.9858
240.6282
908.4832
521.0604
295.4752
474.4059
393.6015
107.0596
275.1634
508.7262
850.4394
731.0932
226.7082
854.4246
150.8881
644.5125
343.5332
644.3442
112.7849
974.6997
1009.3813
859.9466
87.4027
935.6308
944.7747
199.4334
896.1715
1018.3283
1054.9594
291.2111
247.6055
467.8117
881.6987
696.5295
772.4668
1034.9889
939.5983
820.7856
495.0780
426.1676
377.9706
889.6530
622.7516
772.8817
453.6202
671.6409
219.6225
664.2274
1109.1084
245.6241
502.0158
1008.5394
972.9601
504.9997
825.5306
797.3975
597.0076
588.1841
692.8049
528.0397
746.1103
813.1360
834.0198
482.4545
339.4022
455.9948
381.9271
87.4359
1088.3108
732.8248
429.2757
346.8419
477.0791
885.6354
962.3467
777.5584
402.4837
1053.1270
251.3577
401.3498
158.4195
635.2367
255.0966
1022.2011
960.9768
946.1161
181.0868
437.1303
93.0705
131.9812
211.0676
639.1009
344.1058
136.6363
571.4936
237.5284
94.4213
580.2474
205.5066
363.8616
561.4734
392.0715
182.2498
576.8022
537.1092
173.2883
495.9096
289.1389
382.4618
289.8958
579.7899
119.7812
253.9756
556.9453
501.0677
247.2833
442.5069
556.4672
540.4070
447.0858
581.6456
613.2433
420.1782
232.7377
638.0528
309.5189
349.3886
642.4594
185.1959
428.8496
339.4239
616.6363
646.9989
402.5838
526.1766
520.7130
455.7463
339.3624
645.2363
81.5923
482.8206
561.3726
120.7991
588.3082
445.0368
520.5708
118.5125
166.8647
400.8167
558.3694
495.2239
300.8904
359.6251
1448.6852
709.7308
338.9476
132.6410
887.2722
1387.0747
525.7130
295.3609
124.8755
413.5907
594.7586
432.8644
396.8987
726.0213
320.5808
1156.3734
1086.6189
1149.8466
829.3946
1290.6230
211.3168
639.0349
1287.4256
569.4474
1025.1341
574.3735
515.0187
839.3622
594.5811
1276.8506
1053.3785
593.3311
502.5759
1239.3471
625.6913
1219.0542
1173.5109
996.4511
1362.9461
1196.0958
1246.6746
488.6258
1448.6607
120.8450
1057.1322
319.2165
1176.0733
654.8193
1315.3497
510.8284
461.1780
1396.7569
995.2748
251.8346
504.3394
519.5934
705.3132
874.8679
1188.7886
1131.1231
677.1854
764.1411
191.3788
1023.3149
514.9584
705.1059
766.0677
156.5374
147.8046
665.1551
1241.4395
1284.4210
999.3400
1240.3257
1303.4435
559.6047
1401.7914
1019.2489
1053.7179
1266.6489
1346.0990
1337.2212
1211.7533
879.0050
1446.9924
196.9490
1225.8657
702.1252
954.4988
948.0192
317.1109
1425.6582
159.0363
477.8246
753.1372
473.0172
986.5847
718.6288
984.4516
575.0651
507.2761
102.8347
401.4604
666.5078
789.0184
624.4692
636.4290
660.3620
508.7838
231.6028
501.0463
722.7217
407.5405
739.3788
861.5642
726.1354
822.8039
711.7843
782.4667
454.6546
460.4107
300.3280
480.8162
974.3173
641.7652
160.7372
449.8987
633.6548
777.8114
438.5165
115.0072
231.5779
462.5110
434.3455
775.0121
189.0920
889.1685
392.4223
739.4005
386.8299
512.0741
168.0008
941.2393
760.7173
802.7830
807.6280
475.0653
623.0843
511.4720
196.0653
905.3039
806.8617
403.7610
376.4817
786.5769
879.1254
443.2337
169.0385
508.2243
146.3896
509.6988
539.9046
302.7411
807.1506
693.2526
408.9286
497.8171
890.3534
782.3190
265.7651
268.2925
405.4527
727.0252
668.3380
344.5967
440.6770
898.2868
210.8715
472.6318
380.9120
767.9982
216.4830
1009.3734
630.0041
603.5407
1046.1235
793.4310
812.2747
1011.9827
247.9552
120.9610
749.4378
1130.6112
362.0550
943.0981
722.5852
894.5065
242.0763
956.0467
1068.8725
244.3767
705.7920
577.9164
315.6650
151.9842
219.1968
223.2678
254.1915
363.2475
275.0205
257.5201
264.2009
254.2021
220.1639
193.2920
370.0997
291.7683
93.8514
228.0082
307.6602
372.1678
169.6806
182.8475
191.2785
253.0008
280.8984
322.0744
223.7468
52.1422
312.9120
321.9839
56.2730
330.9222
212.6068
317.6038
382.0567
324.2860
145.0051
252.5187
303.2169
321.4339
91.1018
210.6992
977.3683
1179.4588
208.5246
818.3112
273.1472
661.6608
745.3421
267.1543
1000.2089
469.8486
587.8319
1040.7856
153.4235
419.2506
854.0994
988.2906
1168.5977
1139.7933
766.7797
841.7182
282.5925
1204.0422
599.7015
713.3942
854.4149
1090.7207
515.3330
575.6418
500.5243
901.4421
677.2244
1291.2246
750.4024
774.9590
792.5736
895.3345
1239.0826
105.9155
1029.5360
919.6696
481.5271
229.1190
608.8190
534.4689
540.4536
1265.2737
114.1310
355.9539
141.5248
516.1623
574.6214
862.3022
183.3654
454.3842
1049.0693
1137.0377
209.7914
615.8062
1014.4825
1115.4371
1050.9734
635.7212
710.4841
493.6891
877.1042
1048.8480
151.7683
674.1399
836.6565
896.6742
529.0090
1174.2555
197.0945
136.6197
1159.1851
361.8204
117.6287
982.9407
952.7751
168.2903
188.2705
220.8361
913.3576
280.4139
550.1849
716.2869
133.2025
636.5085
1128.4015
1041.3190
503.4658
947.5076
412.8021
1026.9865
102.8153
1103.9289
838.0531
163.7286
528.6902
393.0743
944.5496
885.7690
322.5834
1013.0747
915.9156
219.3711
1193.5550
385.7363
574.3797
623.3642
340.1640
440.4429
1169.6087
259.0296
1066.4098
992.8266
466.1791
363.2054
987.4639
679.8167
925.9750
893.2785
876.2463
664.9875
254.1552
1004.7823
987.0456
1205.1842
840.2088
1000.1213
463.4796
973.1247
463.3162
748.2371
1059.1137
482.7937
1100.0956
337.7480
276.1401
436.9343
794.9362
481.6800
702.2601
749.2215
596.5964
528.8392
487.0850
876.3822
720.4461
151.9120
250.9344
373.5056
928.5740
973.8555
861.4997
918.5312
869.0276
736.5971
729.2623
1001.5151
862.4741
1011.5917
456.8739
687.0982
708.9385
676.6687
727.4263
874.0077
827.3575
107.0299
923.7684
739.1337
549.8548
847.9090
1069.5530
749.0982
271.3985
387.4611
705.9807
488.0357
93.0642
809.1376
952.6564
419.5093
268.9103
436.3204
189.6218
977.5769
966.2714
789.1943
905.2671
750.5793
723.7944
210.9197
249.2932
242.3900
751.7013
826.6583
964.4296
443.1135
837.4627
812.2322
973.4548
214.8708
548.1236
970.7652
825.0124
690.2423
236.5526
378.8455
960.5331
241.5230
994.4791
837.8209
541.3659
140.0480
1061.4558
616.8882
1005.6208
955.2959
220.6884
836.1068
611.4606
804.2158
907.4430
724.8277
896.2795
549.2481
406.2841
783.6648
816.9368
1040.3968
464.4529
710.8454
161.2210
832.0690
582.3577
402.8774
1114.9758
665.3780
1000.0130
502.6827
892.3352
785.8210
473.1045
885.3425
1067.5346
1033.0920
702.5929
1263.5979
1279.1498
920.9842
412.2626
479.3550
697.9426
1210.4896
1023.8409
916.8957
1135.5169
607.1273
670.6708
133.8765
1055.1262
332.4616
917.9008
1252.0095
1139.6588
653.7173
235.0535
870.2229
1112.7488
1092.6278
1177.6628
610.8868
467.1307
213.0390
1282.8882
1334.4949
1109.6814
599.6850
1224.7806
1010.5786
1306.3841
207.1114
1291.4933
623.3441
1280.5688
936.5440
1321.9588
1038.5468
1326.7586
612.5050
378.0096
568.3261
701.2183
988.7369
628.0259
1406.2677
841.0142
772.6047
785.4275
1342.2845
1257.3241
1398.2162
491.9862
765.5046
328.8839
309.0075
1229.6121
981.1132
1394.1543
288.0110
919.3790
1355.6525
793.3089
832.2691
366.6437
873.7052
524.5127
524.6194
261.5186
1120.9908
852.5181
559.9630
207.6956
740.3315
722.5338
422.2147
679.4118
883.1410
952.0377
111.1984
862.0281
796.1617
684.6091
552.5241
793.5084
360.2382
667.7191
896.4559
352.3028
543.7209
611.6609
671.7154
301.6093
422.3113
358.2071
541.5853
1098.0120
723.6864
876.3672
127.4056
655.4394
509.7891
587.9901
737.0346
1041.8934
1090.7505
970.8702
516.2196
785.0104
728.0339
533.7312
410.5972
248.2635
1011.0849
791.6885
899.1525
93.6577
157.2182
588.5080
357.5627
592.9876
991.6553
861.5630
743.6820
139.0230
1038.4001
1070.9722
1128.3622
560.8054
756.1189
1151.9286
1006.9502
1056.1972
552.3758
537.1837
913.5214
435.7092
248.5455
132.4780
1025.1846
837.6917
566.6722
180.0045
940.5939
344.7646
851.9392
637.5907
350.0245
894.3827
334.0342
335.9813
271.6544
365.7585
337.8268
284.3577
324.2089
389.4639
187.7956
196.5479
138.0605
982.6840
348.1665
276.0948
585.0027
858.3675
434.6123
306.7033
979.3922
324.3414
573.6046
482.5633
616.2312
401.3423
574.0842
197.8007
525.4144
501.9675
290.0809
844.6412
982.5578
840.1202
93.0124
786.3640
833.3964
848.5568
947.1196
940.6503
745.0551
596.4587
110.5837
779.3654
595.9827
373.9565
893.7402
947.1367
156.3783
288.9567
243.7776
148.5673
496.2572
678.8016
532.3386
899.7992
885.9083
891.1727
960.1094
380.1119
361.4576
249.5093
139.5190
360.5970
932.0554
153.2194
951.7605
773.0635
887.7027
914.7905
721.1050
627.7000
500.6227
740.2803
350.3208
885.9551
920.8100
194.7563
846.6289
959.0363
384.9906
934.6219
98.7359
715.6397
617.2949
527.5435
370.0789
335.1089
1225.1908
1252.9920
82.7227
992.7920
1139.7069
155.5407
751.0336
1240.8787
578.2694
955.5594
887.4347
1099.1422
481.7542
816.4592
899.1926
559.5640
238.9895
103.5962
732.9585
536.2944
701.6247
260.8133
133.5250
750.1321
402.0456
546.3570
535.0391
662.7584
239.5238
545.5876
383.7582
965.5008
559.6561
867.5393
296.3534
240.7856
622.9497
851.7582
668.2045
737.0555
535.4137
894.0638
627.0977
192.0301
839.8013
812.7367
459.7264
82.6150
1022.0384
464.0339
478.5862
262.0633
992.6150
654.2420
378.6964
353.8519
101.1796
789.8515
889.8402
259.7844
263.1361
208.8897
894.4140
925.6161
548.6119
1207.5101
1263.8521
952.4264
300.8128
1283.5488
1272.3915
1525.6150
1008.4532
662.5635
650.2505
1378.3523
244.4210
1104.1060
449.6736
623.5806
153.5488
545.7921
1289.6827
801.4026
1105.2475
1126.3868
197.3013
1418.6506
701.4597
1468.8207
624.8216
870.8898
1553.2732
181.0812
285.3716
379.9806
568.6984
456.6541
541.1652
88.0392
548.5069
632.7867
447.9709
533.5913
436.4479
260.2977
337.2552
631.5650
331.8650
523.5759
605.4076
601.2365
212.8104
193.4514
553.9125
252.4712
236.8864
177.4891
298.9364
504.2446
81.2120
126.7341
517.9620
419.0611
226.7499
73.8524
642.2460
83.2192
462.4799
537.8399
105.5075
333.4418
521.8821
472.6603
174.1864
277.4127
598.0658
407.1144
257.2405
264.7226
246.7369
194.4418
196.0356
353.5046
290.3653
620.2053
488.8872
414.6903
125.2438
636.6977
232.9877
140.7050
109.0887
614.6273
466.0409
257.3282
618.8543
462.6552
269.5114
426.8269
321.9592
296.2337
615.2699
137.7758
622.6529
109.9969
324.5650
1158.7254
386.5732
372.4041
641.4788
1065.5134
880.4668
668.9721
934.7396
834.4404
1059.9128
585.1091
1044.3460
494.7840
1021.2466
1255.0858
1084.7717
1072.6448
1129.9181
545.7509
977.9668
411.1150
736.2600
1231.7098
1237.1431
684.8934
1168.9988
776.9438
1113.5868
456.1378
1048.9339
644.9014
272.6561
1243.8225
874.1089
792.9172
1028.3147
356.1621
1213.6811
635.1632
1020.0167
990.8520
1024.0232
760.1199
1262.3901
737.4983
729.7806
1067.3182
462.3164
531.4972
233.0703
1227.2868
803.1423
851.1138
1179.2571
750.2507
1272.7182
1066.3563
1263.2067
1106.9260
129.0229
1032.0678
407.1813
315.1646
994.4468
1089.7880
956.3585
709.9042
1263.2661
886.6709
1121.4215
1003.1408
526.2113
857.0756
390.3388
502.4950
146.7419
954.6988
183.3987
516.6025
1254.3633
329.2647
443.2534
771.9967
1015.9046
290.0172
1259.2922
1009.1057
159.8609
1122.1164
431.1505
780.5291
718.3049
1001.0510
787.1254
1007.0543
833.2824
353.5428
619.9602
822.8405
110.5693
849.7042
531.3663
750.4377
471.5316
145.3065
789.1316
111.7956
459.5189
938.2711
961.0030
404.6110
378.4241
741.6255
730.8275
596.0785
833.0407
1041.4153
1017.9355
813.0271
635.8460
255.8396
272.5996
323.1293
107.6798
926.7439
192.8619
853.0060
109.7448
706.8910
551.4989
141.3951
415.5047
921.0214
793.4002
749.1220
966.0279
445.6284
771.7667
283.8014
232.1164
614.4107
574.5321
507.0774
170.3322
101.5908
939.5257
895.6703
1056.1645
850.7339
587.6749
582.5279
975.9951
738.0958
773.6748
994.7353
539.7110
853.1655
739.4795
562.9835
419.6104
82.3934
609.9733
704.7825
924.2445
234.2265
289.0066
780.7926
570.1680
924.4424
929.3013
689.1561
403.8336
365.1201
1021.1921
478.4912
384.1979
854.1614
211.9437
324.3226
583.4281
690.1971
774.6313
432.8921
258.3721
404.8602
293.6212
265.4920
626.9702
547.9927
627.5618
924.7232
494.7589
784.5047
453.5125
840.8884
909.0140
1020.0217
780.0768
720.4969
131.3918
87.5397
606.7869
646.3172
250.9010
344.9493
118.7487
899.9439
165.2756
556.6286
843.1726
587.6063
699.6895
970.4866
163.9246
726.9723
977.0817
428.2222
1024.4939
557.1655
512.9760
174.9835
473.6049
893.2155
864.9254
815.3850
699.9076
740.3156
805.3980
441.2247
420.7294
849.9345
455.3481
914.3088
458.5629
606.8405
214.9718
495.3394
470.2710
294.3160
936.3796
267.3873
777.1456
601.5266
197.3519
847.9179
281.0975
130.7783
227.7892
275.7885
601.9260
642.4012
361.7989
959.8180
499.5067
176.7921
741.7939
137.0147
822.5323
373.7810
338.1458
159.4533
398.5286
118.2548
835.0607
698.1648
814.9494
636.3912
544.4137
507.8692
1063.4801
796.7189
404.4522
811.6909
1158.4135
1291.5526
724.1306
529.9667
575.5773
1309.9846
665.7673
1129.0738
830.8652
1103.6690
234.6739
1013.0290
1283.0803
581.4777
262.0971
642.1519
1017.8621
775.7528
967.7228
772.7750
1021.9600
526.5273
888.1465
409.6311
1025.4561
462.3169
507.6390
184.2024
212.6615
178.9620
719.5453
1031.4324
474.6278
985.2694
1061.6914
321.8671
1062.9308
293.0494
796.9869
440.1253
671.0428
717.8360
738.2846
392.8750
314.3837
199.0325
760.9335
770.0404
342.2979
579.2632
702.0355
292.3201
954.5410
505.6608
590.7461
915.8774
833.2685
948.6806
992.7221
931.5299
1021.4204
640.9416
898.8090
425.0485
553.4819
896.9459
632.5598
552.8049
1054.2009
327.2061
855.5982
660.6616
910.3386
507.4274
913.7237
102.6471
606.1255
597.2452
792.5851
819.6216
1016.6865
397.0870
978.6503
906.9581
775.6174
492.9875
754.4705
523.9831
357.0999
677.3620
368.5882
306.5031
190.8486
153.4843
618.3433
643.7205
953.2554
100.4170
1035.1960
943.8481
351.3124
826.1340
676.7937
269.5984
869.0757
535.6800
508.2317
191.1934
641.5371
472.6601
658.1159
751.5416
756.7945
630.7155
842.0474
819.5474
481.9081
692.7094
89.3073
904.2269
720.3745
809.5810
917.6217
547.6013
818.3385
480.4045
908.4031
691.7588
444.1325
791.2543
203.0136
612.2867
323.3576
728.8730
705.6992
179.0549
183.4966
934.0666
263.0737
684.9247
466.7136
743.6120
452.6650
116.7235
361.9964
272.9851
832.0470
643.4912
782.3473
833.2423
872.6001
372.9745
475.1981
399.8181
796.5135
996.2543
901.6729
527.9574
1017.7702
815.1033
779.4391
398.0274
300.0945
933.5887
241.2271
798.9031
479.2805
944.2919
704.2397
451.0498
430.4190
99.9800
464.4910
530.3482
986.0022
188.3892
880.4645
439.8790
75.5813
263.7096
1015.6724
880.2376
545.9750
469.8792
199.6193
248.8486
438.7332
990.4309
677.3798
436.2656
783.4898
377.3745
718.8842
946.0043
254.7791
843.0498
468.7216
750.7998
360.6561
594.8651
174.1648
361.2879
749.6875
483.1429
828.5400
493.1279
1003.1707
128.0613
166.1785
286.9012
1161.1382
848.6221
862.5183
194.6336
489.2786
394.1029
518.2241
999.9953
498.7467
983.2632
1033.7018
806.9734
1165.0669
852.4452
753.8037
390.3572
880.9176
1088.0726
1151.5409
731.8927
783.2101
568.2046
122.9368
636.7916
603.1261
187.6949
312.3563
632.7771
531.6951
480.5630
540.1551
366.4784
204.3656
541.8186
630.8441
589.1445
458.9084
225.3999
370.1677
422.7970
609.3858
441.3795
415.4184
545.8266
600.8075
410.6829
100.8760
355.0657
360.4069
589.8468
300.6250
231.9396
515.0229
315.3215
229.4852
463.4008
364.7569
393.0626
454.8423
121.5701
623.3091
280.9920
378.6388
162.2659
611.3622
366.4987
607.6915
413.1347
438.8466
312.5092
601.1598
389.4515
554.8373
351.4062
208.3372
512.4644
556.7912
211.4306
623.9517
193.4622
625.8931
272.9706
292.5238
500.0179
429.1583
375.7755
218.6211
575.9180
560.6849
513.7856
583.3040
545.3655
587.2751
274.9751
564.5468
559.3576
476.4687
532.6808
269.3206
130.3714
618.5968
184.1445
405.8142
534.5488
393.7581
465.1910
345.5489
238.5812
517.6254
317.8945
298.1551
502.6205
431.4043
1094.1790
1184.1603
1130.6261
962.6201
1143.9146
153.3619
789.3578
1110.6214
1146.5364
1054.9952
559.8526
1147.3656
258.9771
393.7599
616.1336
1205.3099
727.2819
797.4880
305.9319
898.7641
681.2228
814.1113
991.4549
900.9267
963.7271
401.3386
1000.4648
223.3592
1084.3071
455.4347
1013.4811
481.8554
1077.4002
484.3446
503.8844
100.8622
742.5035
805.2224
1059.7649
625.6732
575.2926
306.6800
504.0650
710.1576
581.1359
949.4628
667.9226
1107.7913
437.9861
799.2641
1383.4977
307.2985
706.8146
988.2833
794.7155
948.7107
375.5445
1321.7963
1436.5612
1107.5447
724.4074
1300.1581
1244.7876
1336.8349
119.1983
443.9626
1279.9447
1294.1414
1017.1932
117.0916
1057.7195
1064.8143
1184.1676
1039.8078
667.8991
95.1706
781.0214
1448.5058
1069.8196
151.1346
775.5299
978.4093
365.2184
1285.3268
439.8182
1017.3142
749.8889
704.3950
858.7908
713.1111
256.8933
1379.1468
509.2839
1371.1106
1244.1968
1073.2984
923.9669
1223.7344
363.0674
906.2342
494.6253
383.8019
676.4677
763.1708
1283.0113
826.3169
1126.1723
723.0069
612.7404
443.4087
174.8584
467.6767
1345.1681
389.9177
722.7607
758.1042
1151.0161
994.3000
1314.0199
132.3978
1128.9486
595.7007
648.7112
351.3300
1007.8195
562.0278
269.0963
751.3810
813.0867
932.0291
280.6679
812.4968
93.8609
538.0281
855.7964
324.2009
439.7110
804.6292
915.5219
164.8647
499.3655
274.7260
69.6467
919.5869
957.4625
894.2344
98.1437
239.5915
312.0663
443.0171
267.3182
413.8736
672.3784
352.8562
599.2645
820.5926
788.3084
756.8421
574.0811
605.8339
700.3111
742.4646
410.9083
720.6977
245.4292
244.4864
913.6277
585.6276
935.6813
840.8666
663.3183
440.3423
73.7706
667.6275
359.4210
88.2146
1232.2268
471.1915
526.2694
186.9727
414.1320
943.0608
909.6018
448.1205
310.3654
803.3278
932.6399
859.1111
617.3342
857.0150
247.9345
290.2088
174.4545
654.8404
447.8606
276.8225
862.7287
295.7543
468.3297
404.7188
439.5023
837.1356
845.8436
893.1752
223.2774
724.3974
585.6372
685.5071
645.1807
847.1957
729.7088
821.3787
839.9303
680.8298
215.2965
934.5175
491.0609
1057.8824
311.9942
797.5239
347.3642
565.9374
1203.1473
658.6818
456.4973
1020.2411
1026.8226
337.1132
783.1116
1044.2022
741.5211
744.9027
1148.1682
1257.4481
857.8241
1242.0332
1183.8156
1137.4362
213.2921
1273.7599
1001.0441
837.0023
737.4194
952.0064
159.7006
1060.5539
935.0012
970.5876
791.7980
1130.1854
425.3934
1285.9369
345.6172
952.2909
555.9480
694.5696
788.8064
298.8258
1084.0346
566.1890
952.7966
561.3476
957.9215
621.2553
979.7288
662.6780
276.8698
778.5083
219.2367
386.4600
361.6073
1230.3219
544.1672
388.0151
1187.9956
1056.9779
1164.0495
1193.8296
1100.2877
731.6932
584.0889
158.1789
688.0013
810.8440
1011.4060
1091.7719
1322.0834
429.3907
1255.7442
1081.4793
867.0689
877.6839
261.6176
456.3152
1319.6150
1120.7956
980.6662
270.6049
544.3689
1088.2063
558.2141
787.7408
987.6229
962.1399
1040.6723
838.6606
669.3094
866.7580
692.4381
942.6200
780.2408
271.9604
116.0902
810.1876
853.1454
778.9017
101.7595
783.7907
664.3504
732.4244
1250.2923
444.6263
248.4570
899.8118
1173.9018
663.7406
419.2622
901.8411
688.8261
794.7373
453.8483
214.9592
297.1630
579.7693
829.4427
1091.7347
965.0743
1227.6934
547.2465
753.6860
813.2385
1127.7839
889.3385
834.6884
554.7557
303.6101
127.2705
567.1516
941.1752
696.2622
1100.8502
836.0029
968.5013
1210.2986
294.9325
781.0051
494.9500
597.9994
224.2706
1002.0365
1183.5681
571.3710
1091.7110
1323.0100
968.6625
532.1191
1067.1815
545.3310
371.5808
160.2293
