(2,5) (5,4) (7,0)
(0,7) (2,6) (5,4) (7,2)
NENHUM
NENHUM
(1,0) (10,31) (12,13) (40,38)
(0,14) (1,1) (2,20) (5,7) (7,8)
NENHUM
(0,40) (3,11) (5,44) (9,59)
(0,0) (1,2) (2,14) (3,12) (4,5) (5,8) (6,10) (7,7) (8,13) (9,15) (10,16) (11,3) (12,1) (13,11) (14,4) (15,9) (16,6)
NENHUM
(1,51) (2,4)
(1,53)
(1,9) (3,33) (13,25) (23,11) (33,3)
(0,2) (1,71) (2,1)
(0,0) (1,4) (4,23) (8,18) (10,10) (12,19) (15,12) (18,17) (19,20) (21,3) (23,31) (25,26) (31,7)
(9,34) (25,12) (32,10)
(0,0) (3,3) (4,4) (5,5) (8,8) (9,10) (10,1) (11,6)
(1,36) (9,13)
(0,0) (3,72)
(0,19) (1,0) (2,24) (3,13) (9,9) (13,12) (18,22) (28,5) (29,30) (31,11)
(0,10) (1,13) (2,16) (3,36) (4,22) (5,19) (8,35) (9,29) (14,15) (21,32) (22,6) (23,24) (28,21) (37,25)
NENHUM
(579,357)
(6,898)
(134,145) (278,2)
(650,533)
(8,78) (661,2) (673,11) (716,596) (794,406)
(464,257) (659,197)
(3724,2085) (4986,1664)
(780,9238)
(12694,19999)
