4839309619200
29393280
23022667799986176
849506237153280
75278149632000
104976000
62219695104
501645312
979776
23999025254400
9407617899724800
237027409920
2845514056089600
1646333132451840
1646023680
540101520000
46656
29393280
182037050818560
1444738498560
2469035520
35831808
9644670
6858432
23147208
77157360
179233689600
1524096
1555848
8001504000
5530639564800
391984079155200
129024
3703553280
30618
8399658839040
12802406400
115579079884800
53747712
272160
4064256
59049
52488
5445468
313528320
113267498287104
172064342016000
2304433152
29405527200
7841473920
13716864
123284351877120
8398080
520693137216
6636767477760
91767649075200
18353529815040
2389782528000
23040
45148078080
1019215872
1911389033594880
5016453120
145152
190512
156793631662080
10666233446400
10077696
6584094720
20226338979840
266655836160
5160960
790272
16257024000
737418608640
477847258398720
46656
9447840
135444234240
47998050508800
26671680
595461925800
51426482688000
783820800
29262643200
812665405440000
190512
1176221088000
13332791808
338688
14814213120
22394880
20667150000
55112400
358385443799040
857304000
1128701952
3318383738880
2408900788224
27648
145152
8888527872
23115815976960
20003760
16124313600
11526966662400
48998009894400
663676747776000
398206048665600
21946982400
4212857461800960
4608866304
474054819840
17557585920
508127510016000
12799480135680
12383472844800
315964309635072
27216
1161434308608
28092137472000
92177326080
158723712
374561832960
30576476160
36288
688747536000
232286861721600
658409472
5267275776
928760463360
243855360
803722500
58786560
114688
124439390208
278691840
35998537881600
411411861504000
186624
4424511651840
7838208
1275989841000
5715360
30339508469760
4445280
1959552
21003948000
6096384
9029615616
1561324584960
15362887680
487599243264000
2976069600
285768
64524128256
1975228416
15999350169600
43748223120000
35562240000
106662334464
4267468800000
159993501696000
203251004006400
351151718400
63207309312000
1679616
823011840
1000188
83216937517056
658409472
37807106400
725896442880
58786560
80015040
7620480
250822656
9674588160
1613103206400
85050
221184
411505920
98738846760960
2479491129600
396809280
46656
6806835
244944
6145155072
1975228416
292626432
1741824000
423263232
15116544
1440270720
302387718205440
367416
2006581248
26547069911040
125434905329664
1180980
172792981831680
171421608960
203212800
1756088674615296
52438656614400
4389396480
9289728
5733089280
46656
1088640
829595934720
110245522262400
1020791872800000
1866590853120000
1244393902080
705438720
1204224
5555329920
7527814963200
1734082560
175575859200
348823722783375
204791682170880
685843200
387233280000
995515121664
583309641600
152374763520
7077888
4180377600
553063956480
1990656
30474952704
1388832480
896168448
812665405440000
44286750
3734035200
2654208
192036096
161243136
7255941120
52660718272512
691329945600
282175488
114661785600
15431472
10160640
576000
120932352000
2867739033600
1935360
524386566144000
153055008
6998400
20905817554944
1679931767808
12541132800
258048
106662334464
71677088759808
147650253030
197568
41150592000
1984873086000
529178506859520
165919186944000
97542144
44442639360000
42185786580000
1097349120
9920232
40642560
5119792054272
4877107200
47029248
60466176
23404763676672
62705664000
12740198400000
3033950846976000
11377315676160
1679616
1469664
365699432448000
5160960
1399680
2176782336000
336063168
7776000
75309515527680
13005619200000
639974006784
2322432
299987815680000
13335840
320060160
540101520000
3657830400000
1218998108160
167246540439552
326592
32805
5419008
1542794480640000
12804813252403200
25515
7201353600
1147912560
93312000
11573604
36288
57610828800000
3456649728
169305292800
56886578380800
24998984640
136559001600
41472
180592312320
1280240640
1851776640
645120
7803371520
1058158080
1457940784204800
423263232
58993488691200
160030080
28677390336000
89894839910400
32406091200
7741125586059264
435537865728
29165482080
6903923705118720
1919922020352
28570268160
1714608
2015918121369600
165888
2612736
15943230
325140480000
2275983360000
235146240
2275463135232000
2370274099200
8230118400
32672808000
967680
7348320000
526727577600
156243654000
1944365472
65868380928000
995328
327741603840000
278691840
14467005
25088
1991485440
123451776000
165919186944
2419101745643520
17142160896000
358385443799040
47029248
199185983926272
13379723235164160
217728
360067680
20163790080
2571912000
5184974592000
1505562992640
1024192512
944784
2687890828492800
201637900800
134994517056000
197522841600
17777055744
493807104
32920473600000
435356467200
999959385600
24196548096
192893400
46656
225792
13442526720
23414515661537280
165368283393600
3762339840
1327104
23702740992
45927
466647713280
15362887680
1828915200
1974776935219200
11573604
806215680
6273179136000
83623270219776
1852548213600
3226206412800
1741824
1792336896000
152374763520
4898880
761873817600000
419904
8332994880
54442233216000
68584320
1469664
44808422400000
512096256000
1300806425640960
130056192000
40310784
22680
221962567680
725760
7715736000
755827200
262549350
722369249280
6049137024000
767968808140800
171228266496
70230343680
9952875753504768
250822656
4960116
6249746160
3308121810000
31752
12703187750400
5599772559360
2949674434560
635040
106662334464
7346640384
57610828800
217728
374561832960
2363388383500200
2903585771520000
1646023680
423263232
342843217920
7584877117440
155520
7962624
2275983360
124467840
6936330240
2867083550392320
104509440
661348800
6967296000
1114976936263680
367416
32006016
8266860
274337280
94058496000
7054387200000
3555411148800
145662935040
6582589784064
91018525409280
6718464
18811699200
1143072
120982740480
972182736
3887842091212800
870912
1333279180800
185829489377280
6613488
1274019840
1349945170560000
1574640
27088846848
5309413982208000
933508800
31213486080000
1736763950250
2081290281025536
314928
1097349120
435356467200
76187381760
1499939078400
26330359136256
6145155072
88885278720
35721
3674850742080000
262489338720
12443939020800
288054144
1045290877747200
1548288
171421608960000
1755758592
15169754234880
164633313245184
819354009600
12646729138176000
73156608
86032171008000
18665908531200
54867456
1269789696
384072192
8957952000
187238109413376
26005292974080
17640
41803776000
1990656
40824
5377010688
8778792960
1481421312
1959552
18819537408
22304636928000
1132674982871040
68052791520000
70543872
82301184
164602368
35013161237040
418116351098880
2539579392
1613103206400
11948912640
668986161758208
198404640
162533081088
14269022208
73466403840
112870195200
63700992
1837080
161280
16728477696000
13063680
37331817062400
49009212
108355387392000
117573120
71108222976
101583175680
313587263324160
3656994324480
8534937600
2212255825920
146313216
183708
2927483596800
244944
4182119424
21337344
4355378657280
711082229760
48759924326400
489980098944000
88885278720
12856620672000
17784462850560
131681894400
47416320
84672000
853298675712
153090
3732480
2633637888000000
1911389033594880
244944
390241927692288
746496
217728
1327104
211631616
13716864
74680704
254016
3439853568
112021056
33331979520000
82959593472
11430720
9721827360
3674160
5096079360
41150592
1517322240
17356437907200
438939648
1083553873920
16131032064
877879296
17923368960
367416
13442526720
18895680
37791360
162637977600
464486400
47029248
10077696
16930529280
10450944
31998700339200
1194393600
786579849216
353960932147200
474054819840
70543872
290304
867204283760640
19848730860
1244678400
38542412611584
1469664
1071630
63207309312000
3600676800
1944365472000
41803776
530841600
516193026048000
104529087774720
14221644595200
20910597120
102852965376
131220
347208120
1843125139537920
31104
933295426560
476171136
5734167100784640
160563200
685972138521600
705438720
136048896
2063912140800
2612736
35554111488
940584960
630118440
15237476352
508032
34992
156067430400
313528320
367416
186659085312000
81935400960
571405363200
178605
35263873843200
1102248
1512284256
5350883328000
5441955840000
13063680
857304
1371372871680
1990656
518497459200
20736
162030456000
148663591501824
326653399296000
493807104
266655836160000
1238630400
668860416
70543872
12799480135680
29035857715200
816480
25798901760
952342272
158760
6350400
90016920
829406312792064
737725866393600
1991030243328
2448880128
141584372858880
5833096416
743317957509120
6049137024000
50164531200
193536
1194891264
2057059307520
1048773132288
3995326218240
188116992
247726080
24684711690240
671972707123200
13826598912
694416240
1058158080
45927
1976051427840
790091366400
62705664
15679363166208
47775744
557488468131840
3687093043200000
8193540096000
128566206720
16257024
11252115
20007520706880
9797760
1481421312
4180377600
486091368
26121388032
9364045824
599975631360
294055272000
46664771328000
53757816569856
39198407915520
31603654656000
1555492377600
11377315676160
1224720
31850496
1706987520
11757312
28805414400
4147979673600
571536000
37165897875456
234101145600
6143750465126400
41608468758528
10668672
357128352000
142884
902755170385920
20901888
38093690880
3627970560
315059220
36288
384072192
213324668928000
7741440
1866590853120
195910410240
50791587840
248832
2777030065152
617258880
92177326080
19595520
162533081088000
377984647756800
85614133248000
11798697738240
1469664
46078128488448
365699432448000
55987200
125382662553600
7464960
135444234240
156764160
9289728
94389581905920
325140480
28443289190400
13658467469230080
14224896000
53747712
233323856640
1462797729792
180551034077184
40650200801280
1040449536
260052929740800
33191424
2962842624000
326592
6531840
2304433152
163296
29262643200
56435097600
174960
65318400
19760514278400
725760
10838016
35721000
1543147200
7054387200
99202320
493807104
370355328
185829489377280
14627977297920
31610880
13765147361280
6998400
18289152
298722816000
877879296
46656
11022480
23702740992
2239488
4199829419520
4666477132800
1306368
28224
31109847552
5643509760
7112448
33036353667072
2678462640000
2612736
204120
6913299456000000
987799879471104
2286144000
2286144
3441286840320
1481421312000
2560481280000
9599610101760
19199220203520
9999593856000
279936
29132587008
36288
457124290560000
318564838932480
1791927218995200
32006016
326592
5671065960
59256852480
110612791296
39191040
11809800
111152892816
46656
23887872000
3135283200
2580965130240
42682710841344
36288
50791587840000
1111320
8532986757120
388873094400
4114118615040
33592320
14582741040
3360631680
7023034368
39680928
39191040
4976640
14285134080
32256
63997400678400
1592824194662400
590490
219469824
21700507500
35429400
1254113280
1672151040
10287648
104529087774720
284497920
829595934720
106686720
568865783808
8164800
59521392
2777664960
9447840
497964959815680
235146240000
36870930432
27998862796800
3761479876608000
1481421312
186624
1382659891200
25604812800
294912
877879296000
11022480
59256852480000
1143072
6298560
8162933760
55738368
23818477032000
241910174564352
290304
707921864294400
177844628505600
186624
5925685248
31998700339200
15872371200
279936
1275989841000
3938240250
57868020
48771072
1143072000
3733181706240
290304
426746880
423263232
74088
786579849216
27216
4938071040
1679616
182891520
433520640000
109350000000
35107145515008
53343360
179192721899520
98761420800
3292047360
2341011456
39328992460800
118540800
423263232
5643509760
1224720
11430720
52488
64012032
92588832
8295959347200
11999512627200
2654706991104
9719605228032000
2925595459584
800150400
46457372344320
89181388800
11197440
29255954595840
29393280
54177693696
1720643420160
22122558259200
5755666949996544
78382080
62219695104
8495062371532800
20575296000
1749928924800
11943936
1343945414246400
285768
70792186429440
1469664
2041583745600
8128512
793618560
15606743040
846526464
58786560
36578304
1445340472934400
442451165184
800150400
5947903180800000
46448640
414797967360000
188116992
17283248640
191992202035200
6320730931200
23814
348430292582400
1355006693376
284432891904
6968605851648
6967296
2257828295933952
40824
18289152
59744563200000
48543213551616
81935400960
45722880
2006581248
28576800
222305785632000
5806080
2322432
729303750
235146240
8264970432
762191265024
67197270712320
9185400
103699491840
238923629199360
41334300
71124480
352719360
16930529280
17360406
1016064
62219695104000
122903101440000
17643316320
1209323520
225792
39680928
20316635136000
7524679680
30481920
4410829080000
24192000
1053455155200
6001128
8090535591936
15872371200
1119744
8573040
4799805050880
2822285369917440
6636767477760
9405849600
11943936
5334336
27750537080340480
219469824000
1174625908162560
204791682170880
906992640
2488320
648121824000
43198245457920
3333824593214976
59744563200
69997156992000
105859897920
176980466073600
29262643200
413343
23332385664
367416
3555411148800
169344
1769804660736
557383680
5778953994240
47416320
746636341248
38093690880
541776936960
127401984
253957939200
21432600
31213486080
172872
186624
1755758592
186624
96768
10701766656
918540
283168745717760
1714608
1679616
7464960
5878656
1312200
217728
403275801600
7169347584
257132413440
41794220851200
74071065600
123886326251520
6270566400
367416
9144576
9603609939302400
114307200
12290310144
56697697163520
205791641556480
13610558304
235146240
6914880
204120
322620641280
21242511360
11428107264000
11757312000
29628426240
99109061001216
948109639680
512096256
329204736
952124593766400
263363788800
314928
48393096192
1244160
3292047360
3110984755200
41479796736
4572288
1355006693376
55761592320000
30862944
516193026048
1355006693376
10487731322880
11757312
163296
90333779558400
47998050508800
24504606000
8162933760
2264924160
22583444889600
546111152455680
1806336
14814213120
96018048
1505562992640
24192
1143072
73156608
102419251200000
27433728
68584320
1693440
1866590853120
1223568654336
1007769600
58786560
7705271992320
87496446240000
306110016
468095273533440
284432891904
122875009302528
2006581248
1259712
14177664900000
2239488
3048192000
648121824000
1959552
1699012474306560
37623398400
1769804660736000
326592000
6429780
1180980
284497920
175575859200
10207918728
1806336
70792186429440
658409472000
12002256
1524096
22680
2880541440
25920
2926264320
10840053547008
30855889612800
12449123995392000
3515482215000
48771072
111602610
41803776000
24887878041600
1889568
544195584
12697896960000
18579456
10037086617600
168743146320
1295947363737600
158723712
529200
1536288768000
4199040000
5184974592000000
1128960
38407219200000
1377810
1088640
9069926400
8957952
777746188800
36707059630080
77157360
108400535470080
282228536991744
116095057920
112844396298240
233280
264539520000
248832
17069875200
2064384
68052791520
309586821120000
204120
6223392
284432891904
1128701952
127008
108864
5159780352
177729924169728
1285956
214990848
102060000
2204496
204838502400
1128960
326592
1451520
14748372172800
26665583616
128994508800
69686058516480
3968092800
326592
50185433088
1371686400
2106428730900480
22373826822144
221184
64012032
2286573795072
411505920
1161216
4371708837888000
774289539072000
58786560
170698752000
7023034368
40824
193536
217728
32659200
225792000
51018336
23702740992
1185408000
260406090
77760
300918390128640
52672757760
544195584000
1820370508185600
42664933785600
23534223602400
2744515872
125971200
274337280
35280
10534551552
522645438873600
325140480
22941912268800
5927040
5806080
380936908800
1440270720
121358033879040
21427701120000
907200
411505920
304679870005248
975198486528000
94058496
22399090237440
474054819840
863964909158400
294055272
9955151216640
20226338979840
1672151040
4572288
1000188
2571912
16257024
3468817135042560
3779136
8427641241600
7407106560
99202320000000
9756048192307200
217728
2571324134400
27556200
20407334400
896168448
17923368960
2612138803200
2962842624
17635968
5377010688000
1137731567616
8599633920
4915000372101120
104162436000
13109664153600
6967296
139968
1469664
217818720000
38714476953600
3160365465600
282293061120
326592
580608
8162933760
3583180800
274388855408640
96018048
14814213120
59730907299840
114281072640
157464000
74996953920
137781000
3111696000
209952
54867456
8360755200
987840
100818950400
231472080
7085880000
22394880
491612405760
49997969280
7524679680
379157171562086400
1659191869440
255989602713600
8332994880
27216
1814400
64797368186880
27216
27216000
68584320
32805
257132413440
39813120
158723712
1896219279360
1469664
4682903132307456
2418647040
20155392000
8266860
1638708019200
409583364341760
132269760
11856308567040
580717154304000
30487650600960
8959636094976000
3265920
1224720
159318835200
2333238566400
103238605209600
34720812
1088640
94810963968000
80640
7620480000
2488787804160
7348320
3456649728000
14936140800
15362887680000
1083306204463104
8495062371532800
7777461888
92914744688640
75866112000
4199040
326592
40452677959680
18517766400
403107840
902961561600
40650200801280
1736763950250
254803968
2330074250477568
4878024096153600
36288
54200267735040
428070666240
22221319680
7023034368000
250822656
35831808
16128
46656
113374080
32665339929600
46656000
293932800
42147840
337563450000
3871447695360000
290304
16332669964800000
45349632
7464960
1990656
83642388480000
3387516733440
37623398400
535692528000
3292666264903680
2125764
27648
115221657600
71677088759808
819354009600
4645737234432
10287648
1290240
26458925342976
275562
20736
19118260224000
163296000
12538266255360
17153224200000
539369039462400
576108288000
1866590853120
81935400960
998831554560
1170725783076864
7087212145440
29628426240
846720
9172942848000
144473849856
5486745600
23300742504775680
53757816569856
233280
28798830305280
172832486400
975198486528
216760320
94058496
57354780672000
149299200
8399658839040
10455298560
365851807211520
376233984000
6998400
967861923840
13005619200
6123600
22574039040
183708
2064772104192000
1003290624
6721263360
5485491486720000
216040608000
72013536
1279948013568000
34012224
13209037701120000
275562
393289924608
85030560
677221171200
31352832
55997725593600
11901557422080
20575296
17999268940800
1285956
677221171200000
8957952
568995840
19440
49997969280
44442639360
62705664
42343959168000
1524096
52488
2700507600
19417285420646400
134394541424640
301112598528000
54442233216000
6001128
32148900
109709829734400
94076178997248
54854914867200
376233984
373248
87496446240
138265989120
663676747776
19046845440000
9409768704000
914248581120
11024552226240
53084160
204120000
3345695539200
627056640
181440
163296
66367674777600
232243200
428070666240
2666558361600
30971581562880
152374763520
1249949232
69686058516480
36288
7838208000
24696
1959552
55987200
5833096416
1289945088
44089920
5828945117184000
5530639564800
1170505728
27530294722560
599298932736
143386951680
15120
141120
9144576
3199138635055104
88179840
59256852480000
877879296
499415777280
450084600
6584094720
889056
7257600
15805440
7315660800
226748160
158760000
1354442342400
1632586752
27653197824000
127008
68037236596224
4629441600
39191040
283168745717760
1469940296832
31998700339200
24998984640
1106127912960
2286144
7112448000
1843125139537920
129024
109350
3705096427200
22399090237440
203166351360000
72013536
849506237153280
101583175680
314928
15801827328
1234749849338880
6223392
15925248
138265989120000
13716864
32256
290304
9289728
311027367297024
1306368
35672555520
25924872960
38578680
9144576
139994313984
239148450
8128512
241116750
367332019200
76187381760000
44798180474880
846720
1440270720
8001504
30618
13610558304000
13063680
42674688
268789082849280
2592487296
19440
69132994560000
85349376
7348320
15676416
316036546560
341397504
275562
362797056
29393280
161243136000000
78414739200
17006112
514382400
292626432
6191736422400
6143750465126400
29023764480
377913600
10973491200
331776
1548288
23224320
14399415152640
438939648000
61725888
4960116
12697896960
2000376
896168448
1032386052096
9258883200
183708
29865453649920
1580544
49401285696000
217728
474054819840
94389581905920
22754631352320
1322946267148800
731398864896000
3657830400
248832
211719795840000
24970788864
203166351360000
211719795840
146313216000
3009871872
1769472
345664972800
212376559288320
1175731200000
274451587200
790091366400000
131220
4199040
248832
768144384
2107788189696
355541114880
1866590853120
2359739547648
1625702400000
38398440407040
129600
5761082880000
40824
1071630000
292626432000
906992640
92588832000
204120
2834352
3779136
617258880
1053696
24580620288000
21508042752000
15485790781440
41479796736000
1097349120
30618
21599122728960
355689257011200
1264672913817600
455196672000
112896
46675440
1224720
33861058560
36288
424850227200
963560315289600
6584094720
3318383738880
59256852480000
77760
2477726525030400
62219695104000
24192
56458612224
61725888
2000376
491612405760
113395394327040
7201353600000
163870801920
245750018605056
3185648389324800
13168189440
145152
503979530342400
1966449623040
24887878041600
401483464704000
193572384768
44089920
178564176000
2057059307520
118540800
3250661621760
1306368
6826389405696
2844328919040000
249650812551168
1344252672
96786192384000
1778112
632073093120000
9447840000
3839844040704
5401015200
54177693696000
642978000
144027072
262440
12902400
16937583667200
836075520
148803480
9955151216640
36288
6944162400
2204910445248000
39191040
27216
3333197952000
18816
18144
100800
1456296406548480
1316517956812800
11337408
1348422598656
22574039040
195039697305600
104529087774720
26754416640
535692528
9144576
16456474460160
90699264
177770557440
5925685248000
451480780800
699840
7838208
1355006693376000
177729924169728
57153600
250047
28798830305280
464486400
70543872
846526464
60949905408
376390748160
1555200000
49997969280
12402621254520
1157095860480
13226976
6967296
11022480
2926264320
535692528
321052999680
587865600
15431472
285768
136080
1562079411648
8398080
100018800
561842749440
694416240
9483264
106662334464
342921600
23044331520
143386951680
72831467520000
20163790080000
47029248
1044855521280
4301608550400
72236924928
4938071040
58330964160000
24192
179233689600
175575859200
1975228416
6827950080
28224
66886041600
849506237153280
877879296000
7558272
27783
472392
1761938862243840
592568524800
140460687360
524386566144
6096384
62001450
4234395916800
82590884167680
5081275100160
6194316312576
32256
23514624
1161434308608000
13983641763840
8266860
2211750167445504
705571342479360
35396093214720
1377810
758661120
233323856640
12597120000
4516688977920
1975228416
262144
41150592
442451165184
11428107264
23039064244224
1451792885760000
3360631680000
30725775360000
3149872064640000
2100394800
64012032000
2016379008000
13716864
67212633600
1422164459520000
4739464644526080
10287648
38578680
1199951262720
142690222080
79009136640
35846737920000
4031078400
46656
2856373781299200
1036800
84276412416
8001504
22039921152
39191040000
468397375488000
468095273533440
35721
3674160
68584320
39007939461120
2449440
102060
114709561344000
1574640
204120
122472
1777705574400
19672689770496
55725627801600
184354652160
41998294195200
169305292800
1284747087052800
151732224
35271936
31603654656000
2592487296
40975402407690240
53106278400
1152216576000
291325870080
163326699648000
51597803520
35554111488
433421549568000
2024917755840000
17777055744000
945177660
1097349120
1128701952
19503969730560
11197440
2212761600
35846737920
7110822297600
13716864
409677004800
16260080320512
6913299456
261382464
1185408
13652778811392
167215104
2232471825813600
3160365465600
928972800
2560481280000
81571243622400
342843217920000
450084600
13436928
100329062400000
12541132800
29023764480000
578680200
99574272
1119744
33435376680960
86416243200000
153664
4459069440
182849716224000
69672960
176359680
256048128
7934371614720
967680
40007520
254016
1393721170329600
6429780
59521392000
270950400
111106598400000
1928934
222264
1119954511872
1428840
1857945600
1950396973056
925676688384
2194698240
39366
89282088
42674688
68584320
250047000
6501323243520
81935400960
370355328000
2438553600
3950456832000
857108044800
13716864000
261273600
442451165184000
78033715200
38594754450
67722117120
184320
32920473600
19599203957760
244944
221184
225792
1119744
12345177600000
653184
39998375424
250047
3161088
5040947520
4389396480
3571283520000
318564838932480
35280000
131681894400
17069875200
65028096
304749527040
275562
174960
362948221440000
1725980926279680
129024
871075731456
1371686400
197477693521920
497757560832
2488787804160000
312415882329600
5485491486720
2239909023744
663676747776
4815794995200
46088663040000
370270675353600
150556299264
6881280000
1238630400
15434373116736000
361184624640
39680928
8817984
3762339840
7779240
38887309440
1492992
486091368
21003948
561842749440
629856
2418647040
179159040
92588832
24494400
1469664
89596360949760
29262643200
66663959040
69347447930880
204120
1274019840
12345177600
1524096
15431472
451668897792000
2090581755494400
36159245640
6531840
189621927936000
68584320
47998050508800
925888320000
1679616
885104640
8001504
9876142080
22754631352320
777600
63700992
216760320
27869184000
514264826880
20647721041920
46656
16937583667200
2448880128
85730400
25809651302400
609499054080
172032
12756981861792000
316036546560
73497014841600
25395793920
5878656
3982060486656000
903168
3175200
225042300
394955387043840
44789760
568865783808000
51438240
3919104
2304433152
6530347008
245806202880
8999634470400
2469035520
3072577536
2032128
553063956480
9633792
510183360
121358033879040
1561324584960
40824
285499352678400
40824
221225582592
112021056000
66886041600
846332972236800
52010585948160
8193540096
589934886912000
1889568
179233689600
21946982400
50791587840
222162405212160
1505218863955968
853654216826880
56687040
290304
2438553600
20316635136
27869184000
285768
217728
8398080
870912
3584673792000000
35232153600
29262643200
21946982400
91445760
25515
18003384
408240
1128960
279936
3009871872
258048
1928934
264539520000000
275562
14702763600000
8573040
58786560
30245685120000
2550916800000
645241282560000
1463132160
2821754880000
52488
59256852480
88885278720
46656
26547069911040
13544423424
809238528000
117050572800
2926264320
653184
432081216
19508428800
25491013632
29727129600
39191040000
2592487296
448084224
1269789696000
178322008965120
86396490915840
5714053632000
3869835264
1023958410854400
20415837456
17635968
111995451187200
7440174
115221657600
5138988348211200
2520473760
12192768
132710400
3871447695360
546111152455680
2572395519456
793618560
209105971200
7900913664
4530699931484160
69984000
88490233036800
39191040
6223392
1244160
4000752
19756800
15435
58355268728400
233280
18139852800
46448640
1555492377600
326592
499979692800000
5971968
1146617856
132269760
10668672
214326
265531392
1889568
52264543887360
767968808140800
1097349120
9797760
2730555762278400
10581580800
141055495372800
731703614423040
3226206412800
602225197056
22122558259200
48771072
1920360960
11483908569000
9447840
8297856
1119744
58330964160
142884
2437996216320000
274337280
234047636766720
16665989760
161280
189621927936
1016064
80030082827520
4761711360
379243855872000
22574039040
31213486080000
145152
216040608
11851370496
3842322220800
95256
429981696
755969295513600
21956126976
2633637888
6145155072
96786192384000
1469664
5925685248
1981808640
157493603232000
358385443799040
4014834647040
540101520
585252864000
6221969510400
1194393600
1229031014400
570760888320
28677390336
1975228416
228562145280
3441286840320
418037760
139372117032960
2160406080
2964077141760
3072577536000
217728
802966929408000
52672757760
16728477696000
1354752
47029248
27530294722560
822823723008
87009326530560
2177689328640
32256
1274259355729920
497757560832
68584320
10369949184000
9407617899724800
902961561600000
41472
253957939200
679760363520
1711891286065152
1734408567521280
1354752
2257403904
16003008000
68279500800
440899200
2047916821708800
1599935016960000
17777055744
550998028800000
2579890176000
29160
31104
94832640
108864
38578680
81285120
5184974592
2048385024
2777664960
45927
87767863787520
32514048
31752
228614400
867204283760640
1486356480
5759766061056
232243200
387144769536
11757312
479980505088
1269789696
5688657838080
609638400
108355387392
12192768
2592487296
158723712
55306395648
3857868
472392
252829237248
7873200
223990902374400
8817984
9405849600
140460687360
36870930432000
18517766400
41664974400
435456000
1714216089600
31006553136300
1679616
1354752
5735478067200
14114653056000
1524096
2469035520
34836480
413343
6320730931200
20667150
190512
2106428730900480
451480780800
2926264320
1003479242637312
26005292974080
3483648
37798464775680
65028096
12290310144000
1179869773824000
279936
41472
11022480
36279705600
97086427103232
877879296
225792
1376256
217728
6193152
15431472
193536
144087083280
30005640000
975198486528
40642560
13335840
246903552
180592312320
11241537011712
691329945600
1016064
231568526700
3429216
731398864896000
43698880512
73741860864000
197568
1975228416000
6858432
4233428054876160
124853944320
1050197400
16257024
95551488000
20065812480
34992
14982473318400
241864704000
451480780800
902961561600
7374186086400
419904
8999634470400
221184
1058158080
25515
42865200
94058496
8709120
493807104000
1058598979200
8398080
1666598976
16855282483200
367070596300800
27095040
1976051427840
10077696
96018048000
1469664
2646000
384072192000
145152
4356374400000
188152357994496
1547934105600
489776025600
3794886144000
5530639564800
685686435840
929147446886400
9144576
149327268249600
178437095424
